Log file open, 01/31/22 12:40:59
LogWindows: Failed to load 'aqProf.dll' (GetLastError=126)
LogWindows: File 'aqProf.dll' does not exist
LogWindows: Failed to load 'VtuneApi.dll' (GetLastError=126)
LogWindows: File 'VtuneApi.dll' does not exist
LogWindows: Failed to load 'VtuneApi32e.dll' (GetLastError=126)
LogWindows: File 'VtuneApi32e.dll' does not exist
LogConsoleResponse: Display: Failed to find resolution value strings in scalability ini. Falling back to default.
LogConsoleResponse: Display: Failed to find resolution value strings in scalability ini. Falling back to default.
LogInit: Display: Running engine for game: PP1_FollowerAi
LogPlatformFile: Not using cached read wrapper
LogTaskGraph: Started task graph with 5 named threads and 23 total threads with 3 sets of task threads.
LogStats: Stats thread started at 0.296105
LogICUInternationalization: ICU TimeZone Detection - Raw Offset: -5:00, Platform Override: ''
LogInit: Display: Loading text-based GConfig....
LogPluginManager: Mounting plugin MeshPainting
LogPluginManager: Mounting plugin XGEController
LogPluginManager: Mounting plugin Paper2D
LogPluginManager: Mounting plugin EnvironmentQueryEditor
LogPluginManager: Mounting plugin AISupport
LogPluginManager: Mounting plugin LightPropagationVolume
LogPluginManager: Mounting plugin LiveLink
LogPluginManager: Mounting plugin CameraShakePreviewer
LogPluginManager: Mounting plugin GameplayCameras
LogPluginManager: Mounting plugin AnimationSharing
LogPluginManager: Mounting plugin CLionSourceCodeAccess
LogPluginManager: Mounting plugin AssetManagerEditor
LogPluginManager: Mounting plugin GitSourceControl
LogPluginManager: Mounting plugin KDevelopSourceCodeAccess
LogPluginManager: Mounting plugin NullSourceCodeAccess
LogPluginManager: Mounting plugin PerforceSourceControl
LogPluginManager: Mounting plugin PixWinPlugin
LogPluginManager: Mounting plugin PluginUtils
LogPluginManager: Mounting plugin PlasticSourceControl
LogPluginManager: Mounting plugin CryptoKeys
LogPluginManager: Mounting plugin PropertyAccessNode
LogPluginManager: Mounting plugin CurveEditorTools
LogPluginManager: Mounting plugin RiderSourceCodeAccess
LogPluginManager: Mounting plugin SubversionSourceControl
LogPluginManager: Mounting plugin DataValidation
LogPluginManager: Mounting plugin CodeLiteSourceCodeAccess
LogPluginManager: Mounting plugin TextureFormatOodle
LogPluginManager: Mounting plugin FacialAnimation
LogPluginManager: Mounting plugin UObjectPlugin
LogPluginManager: Mounting plugin VisualStudioCodeSourceCodeAccess
LogPluginManager: Mounting plugin GameplayTagsEditor
LogPluginManager: Mounting plugin GeometryMode
LogPluginManager: Mounting plugin XCodeSourceCodeAccess
LogPluginManager: Mounting plugin MacGraphicsSwitching
LogPluginManager: Mounting plugin VisualStudioSourceCodeAccess
LogPluginManager: Mounting plugin MaterialAnalyzer
LogPluginManager: Mounting plugin MobileLauncherProfileWizard
LogPluginManager: Mounting plugin OodleData
LogPluginManager: Mounting plugin PluginBrowser
LogPluginManager: Mounting plugin SpeedTreeImporter
LogPluginManager: Mounting plugin AlembicImporter
LogPluginManager: Mounting plugin AutomationUtils
LogPluginManager: Mounting plugin BackChannel
LogPluginManager: Mounting plugin ChaosEditor
LogPluginManager: Mounting plugin ChaosNiagara
LogPluginManager: Mounting plugin ChaosSolverPlugin
LogPluginManager: Mounting plugin CharacterAI
LogPluginManager: Mounting plugin ChaosCloth
LogPluginManager: Mounting plugin ChaosClothEditor
LogPluginManager: Mounting plugin DatasmithContent
LogPluginManager: Mounting plugin GeometryCache
LogPluginManager: Mounting plugin GeometryCollectionPlugin
LogPluginManager: Mounting plugin OodleNetwork
LogPluginManager: Mounting plugin VariantManagerContent
LogPluginManager: Mounting plugin GeometryProcessing
LogPluginManager: Mounting plugin MotoSynth
LogPluginManager: Mounting plugin OpenImageDenoise
LogPluginManager: Mounting plugin PlanarCut
LogPluginManager: Mounting plugin ProxyLODPlugin
LogPluginManager: Mounting plugin PythonScriptPlugin
LogPluginManager: Mounting plugin PlatformCrypto
LogPluginManager: Mounting plugin SkeletalReduction
LogPluginManager: Mounting plugin Niagara
LogPluginManager: Mounting plugin LuminPlatformFeatures
LogPluginManager: Mounting plugin MagicLeap
LogPluginManager: Mounting plugin MagicLeapLightEstimation
LogPluginManager: Mounting plugin MagicLeapMedia
LogPluginManager: Mounting plugin MagicLeapPassableWorld
LogPluginManager: Mounting plugin MLSDK
LogPluginManager: Mounting plugin TcpMessaging
LogPluginManager: Mounting plugin UdpMessaging
LogPluginManager: Mounting plugin ActorSequence
LogPluginManager: Mounting plugin LevelSequenceEditor
LogPluginManager: Mounting plugin MatineeToLevelSequence
LogPluginManager: Mounting plugin TemplateSequence
LogPluginManager: Mounting plugin OnlineSubsystem
LogPluginManager: Mounting plugin OnlineSubsystemNull
LogPluginManager: Mounting plugin OnlineSubsystemUtils
LogPluginManager: Mounting plugin LauncherChunkInstaller
LogPluginManager: Mounting plugin AndroidDeviceProfileSelector
LogPluginManager: Mounting plugin ActorLayerUtilities
LogPluginManager: Mounting plugin AndroidMoviePlayer
LogPluginManager: Mounting plugin AndroidPermission
LogPluginManager: Mounting plugin AppleImageUtils
LogPluginManager: Mounting plugin AppleMoviePlayer
LogPluginManager: Mounting plugin ArchVisCharacter
LogPluginManager: Mounting plugin AssetTags
LogPluginManager: Mounting plugin AudioCapture
LogPluginManager: Mounting plugin AudioSynesthesia
LogPluginManager: Mounting plugin CableComponent
LogPluginManager: Mounting plugin ChunkDownloader
LogPluginManager: Mounting plugin CustomMeshComponent
LogPluginManager: Mounting plugin EditableMesh
LogPluginManager: Mounting plugin ExampleDeviceProfileSelector
LogPluginManager: Mounting plugin GoogleCloudMessaging
LogPluginManager: Mounting plugin GooglePAD
LogPluginManager: Mounting plugin IOSDeviceProfileSelector
LogPluginManager: Mounting plugin LinuxDeviceProfileSelector
LogPluginManager: Mounting plugin LocationServicesBPLibrary
LogPluginManager: Mounting plugin AndroidMedia
LogPluginManager: Mounting plugin AvfMedia
LogPluginManager: Mounting plugin MobilePatchingUtils
LogPluginManager: Mounting plugin ImgMedia
LogPluginManager: Mounting plugin MediaCompositing
LogPluginManager: Mounting plugin MediaPlayerEditor
LogPluginManager: Mounting plugin OpenXR
LogPluginManager: Mounting plugin OpenXREyeTracker
LogPluginManager: Mounting plugin OpenXRHandTracking
LogPluginManager: Mounting plugin WebMMedia
LogPluginManager: Mounting plugin WmfMedia
LogPluginManager: Mounting plugin PhysXVehicles
LogPluginManager: Mounting plugin ScreenshotTools
LogPluginManager: Mounting plugin PostSplashScreen
LogPluginManager: Mounting plugin ProceduralMeshComponent
LogPluginManager: Mounting plugin PropertyAccessEditor
LogPluginManager: Mounting plugin RuntimePhysXCooking
LogPluginManager: Mounting plugin SoundFields
LogPluginManager: Mounting plugin SignificanceManager
LogPluginManager: Mounting plugin Synthesis
LogPluginManager: Mounting plugin WebMMoviePlayer
LogPluginManager: Mounting plugin WindowsMoviePlayer
LogPluginManager: Mounting plugin Takes
LogPluginManager: Mounting plugin ContentBrowserAssetDataSource
LogPluginManager: Mounting plugin ContentBrowserClassDataSource
LogPluginManager: Mounting plugin ContentBrowserFileDataSource
LogPluginManager: Mounting plugin OnlineSubsystemGooglePlay
LogPluginManager: Mounting plugin OnlineSubsystemIOS
LogPluginManager: Mounting plugin OculusVR
LogPluginManager: Mounting plugin SteamVR
PixWinPlugin: PIX capture plugin failed to initialize! Check that the process is launched from PIX.
LogInit: Using libcurl 7.55.1-DEV
LogInit:  - built for x86_64-pc-win32
LogInit:  - supports SSL with OpenSSL/1.1.1
LogInit:  - supports HTTP deflate (compression) using libz 1.2.8
LogInit:  - other features:
LogInit:      CURL_VERSION_SSL
LogInit:      CURL_VERSION_LIBZ
LogInit:      CURL_VERSION_IPV6
LogInit:      CURL_VERSION_ASYNCHDNS
LogInit:      CURL_VERSION_LARGEFILE
LogInit:      CURL_VERSION_IDN
LogInit:  CurlRequestOptions (configurable via config and command line):
LogInit:  - bVerifyPeer = true  - Libcurl will verify peer certificate
LogInit:  - bUseHttpProxy = false  - Libcurl will NOT use HTTP proxy
LogInit:  - bDontReuseConnections = false  - Libcurl will reuse connections
LogInit:  - MaxHostConnections = 16  - Libcurl will limit the number of connections to a host
LogInit:  - LocalHostAddr = Default
LogInit:  - BufferSize = 65536
LogOnline: OSS: Creating online subsystem instance for: NULL
LogInit: WinSock: version 1.1 (2.2), MaxSocks=32767, MaxUdp=65467
LogOnline: OSS: TryLoadSubsystemAndSetDefault: Loaded subsystem for module [NULL]
LogOculusPluginWrapper: OculusPlugin initialized successfully
LogHMD: Failed initializing OVRPlugin 1.59.0
LogInit: Build: ++UE4+Release-4.27-CL-18319896
LogInit: Engine Version: 4.27.2-18319896+++UE4+Release-4.27
LogInit: Compatible Engine Version: 4.27.0-17155196+++UE4+Release-4.27
LogInit: Net CL: 17155196
LogInit: OS: Windows 10 (Release 2009) (), CPU: Intel(R) Core(TM) i7-6700 CPU @ 3.40GHz, GPU: NVIDIA GeForce GTX 1080 Ti
LogInit: Compiled (64-bit): Nov 30 2021 07:12:08
LogInit: Compiled with Visual C++: 19.24.28315.00
LogInit: Build Configuration: Development
LogInit: Branch Name: ++UE4+Release-4.27
LogInit: Command Line:  /Game/ThirdPersonBP/Maps/ThirdPersonExampleMap -game -PIEVIACONSOLE -Multiprocess GameUserSettingsINI=C:/Users/charlie.kowalski/Desktop/CharlieKowalski/Portfolio-Projects/PP1_FollowerAi/Saved/Config/Windows/PIEGameUserSettings0.ini -MultiprocessSaveConfig -forcepassthrough -messaging -SessionName="Play in Standalone Game" -windowed -ResX=1280 -ResY=720
LogInit: Base Directory: C:/Program Files/Epic Games/UE_4.27/Engine/Binaries/Win64/
LogInit: Allocator: TBB
LogInit: Installed Engine Build: 1
LogDevObjectVersion: Number of dev versions registered: 29
LogDevObjectVersion:   Dev-Blueprints (B0D832E4-1F89-4F0D-ACCF-7EB736FD4AA2): 10
LogDevObjectVersion:   Dev-Build (E1C64328-A22C-4D53-A36C-8E866417BD8C): 0
LogDevObjectVersion:   Dev-Core (375EC13C-06E4-48FB-B500-84F0262A717E): 4
LogDevObjectVersion:   Dev-Editor (E4B068ED-F494-42E9-A231-DA0B2E46BB41): 40
LogDevObjectVersion:   Dev-Framework (CFFC743F-43B0-4480-9391-14DF171D2073): 37
LogDevObjectVersion:   Dev-Mobile (B02B49B5-BB20-44E9-A304-32B752E40360): 3
LogDevObjectVersion:   Dev-Networking (A4E4105C-59A1-49B5-A7C5-40C4547EDFEE): 0
LogDevObjectVersion:   Dev-Online (39C831C9-5AE6-47DC-9A44-9C173E1C8E7C): 0
LogDevObjectVersion:   Dev-Physics (78F01B33-EBEA-4F98-B9B4-84EACCB95AA2): 14
LogDevObjectVersion:   Dev-Platform (6631380F-2D4D-43E0-8009-CF276956A95A): 0
LogDevObjectVersion:   Dev-Rendering (12F88B9F-8875-4AFC-A67C-D90C383ABD29): 45
LogDevObjectVersion:   Dev-Sequencer (7B5AE74C-D270-4C10-A958-57980B212A5A): 13
LogDevObjectVersion:   Dev-VR (D7296918-1DD6-4BDD-9DE2-64A83CC13884): 3
LogDevObjectVersion:   Dev-LoadTimes (C2A15278-BFE7-4AFE-6C17-90FF531DF755): 1
LogDevObjectVersion:   Private-Geometry (6EACA3D4-40EC-4CC1-B786-8BED09428FC5): 3
LogDevObjectVersion:   Dev-AnimPhys (29E575DD-E0A3-4627-9D10-D276232CDCEA): 17
LogDevObjectVersion:   Dev-Anim (AF43A65D-7FD3-4947-9873-3E8ED9C1BB05): 15
LogDevObjectVersion:   Dev-ReflectionCapture (6B266CEC-1EC7-4B8F-A30B-E4D90942FC07): 1
LogDevObjectVersion:   Dev-Automation (0DF73D61-A23F-47EA-B727-89E90C41499A): 1
LogDevObjectVersion:   FortniteMain (601D1886-AC64-4F84-AA16-D3DE0DEAC7D6): 47
LogDevObjectVersion:   FortniteRelease (E7086368-6B23-4C58-8439-1B7016265E91): 1
LogDevObjectVersion:   Dev-Enterprise (9DFFBCD6-494F-0158-E221-12823C92A888): 10
LogDevObjectVersion:   Dev-Niagara (F2AED0AC-9AFE-416F-8664-AA7FFA26D6FC): 1
LogDevObjectVersion:   Dev-Destruction (174F1F0B-B4C6-45A5-B13F-2EE8D0FB917D): 10
LogDevObjectVersion:   Dev-Physics-Ext (35F94A83-E258-406C-A318-09F59610247C): 41
LogDevObjectVersion:   Dev-PhysicsMaterial-Chaos (B68FC16E-8B1B-42E2-B453-215C058844FE): 1
LogDevObjectVersion:   Dev-CineCamera (B2E18506-4273-CFC2-A54E-F4BB758BBA07): 1
LogDevObjectVersion:   Dev-VirtualProduction (64F58936-FD1B-42BA-BA96-7289D5D0FA4E): 1
LogDevObjectVersion:   Dev-MediaFramework (6F0ED827-A609-4895-9C91-998D90180EA4): 2
LogInit: Presizing for max 25165824 objects, including 0 objects not considered by GC, pre-allocating 0 bytes for permanent pool.
LogConfig: Applying CVar settings from Section [/Script/Engine.StreamingSettings] File [C:/Users/charlie.kowalski/Desktop/CharlieKowalski/Portfolio-Projects/PP1_FollowerAi/Saved/Config/Windows/Engine.ini]
LogConfig: Setting CVar [[s.MinBulkDataSizeForAsyncLoading:131072]]
LogConfig: Setting CVar [[s.AsyncLoadingThreadEnabled:0]]
LogConfig: Setting CVar [[s.EventDrivenLoaderEnabled:1]]
LogConfig: Setting CVar [[s.WarnIfTimeLimitExceeded:0]]
LogConfig: Setting CVar [[s.TimeLimitExceededMultiplier:1.5]]
LogConfig: Setting CVar [[s.TimeLimitExceededMinTime:0.005]]
LogConfig: Setting CVar [[s.UseBackgroundLevelStreaming:1]]
LogConfig: Setting CVar [[s.PriorityAsyncLoadingExtraTime:15.0]]
LogConfig: Setting CVar [[s.LevelStreamingActorsUpdateTimeLimit:5.0]]
LogConfig: Setting CVar [[s.PriorityLevelStreamingActorsUpdateExtraTime:5.0]]
LogConfig: Setting CVar [[s.LevelStreamingComponentsRegistrationGranularity:10]]
LogConfig: Setting CVar [[s.UnregisterComponentsTimeLimit:1.0]]
LogConfig: Setting CVar [[s.LevelStreamingComponentsUnregistrationGranularity:5]]
LogConfig: Setting CVar [[s.FlushStreamingOnExit:1]]
LogInit: Object subsystem initialized
LogConfig: Setting CVar [[con.DebugEarlyDefault:1]]
LogConfig: Setting CVar [[r.setres:1280x720]]
[2022.01.31-17.40.59:952][  0]LogConfig: Setting CVar [[con.DebugEarlyDefault:1]]
[2022.01.31-17.40.59:952][  0]LogConfig: Setting CVar [[r.setres:1280x720]]
[2022.01.31-17.40.59:952][  0]LogConfig: Applying CVar settings from Section [/Script/Engine.RendererSettings] File [C:/Users/charlie.kowalski/Desktop/CharlieKowalski/Portfolio-Projects/PP1_FollowerAi/Saved/Config/Windows/Engine.ini]
[2022.01.31-17.40.59:952][  0]LogConfig: Setting CVar [[r.GPUCrashDebugging:0]]
[2022.01.31-17.40.59:952][  0]LogConfig: Applying CVar settings from Section [/Script/Engine.RendererOverrideSettings] File [C:/Users/charlie.kowalski/Desktop/CharlieKowalski/Portfolio-Projects/PP1_FollowerAi/Saved/Config/Windows/Engine.ini]
[2022.01.31-17.40.59:952][  0]LogConfig: Applying CVar settings from Section [/Script/Engine.StreamingSettings] File [C:/Users/charlie.kowalski/Desktop/CharlieKowalski/Portfolio-Projects/PP1_FollowerAi/Saved/Config/Windows/Engine.ini]
[2022.01.31-17.40.59:952][  0]LogConfig: Setting CVar [[s.MinBulkDataSizeForAsyncLoading:131072]]
[2022.01.31-17.40.59:952][  0]LogConfig: Setting CVar [[s.AsyncLoadingThreadEnabled:0]]
[2022.01.31-17.40.59:952][  0]LogConfig: Setting CVar [[s.EventDrivenLoaderEnabled:1]]
[2022.01.31-17.40.59:952][  0]LogConfig: Setting CVar [[s.WarnIfTimeLimitExceeded:0]]
[2022.01.31-17.40.59:952][  0]LogConfig: Setting CVar [[s.TimeLimitExceededMultiplier:1.5]]
[2022.01.31-17.40.59:952][  0]LogConfig: Setting CVar [[s.TimeLimitExceededMinTime:0.005]]
[2022.01.31-17.40.59:952][  0]LogConfig: Setting CVar [[s.UseBackgroundLevelStreaming:1]]
[2022.01.31-17.40.59:952][  0]LogConfig: Setting CVar [[s.PriorityAsyncLoadingExtraTime:15.0]]
[2022.01.31-17.40.59:952][  0]LogConfig: Setting CVar [[s.LevelStreamingActorsUpdateTimeLimit:5.0]]
[2022.01.31-17.40.59:952][  0]LogConfig: Setting CVar [[s.PriorityLevelStreamingActorsUpdateExtraTime:5.0]]
[2022.01.31-17.40.59:952][  0]LogConfig: Setting CVar [[s.LevelStreamingComponentsRegistrationGranularity:10]]
[2022.01.31-17.40.59:952][  0]LogConfig: Setting CVar [[s.UnregisterComponentsTimeLimit:1.0]]
[2022.01.31-17.40.59:952][  0]LogConfig: Setting CVar [[s.LevelStreamingComponentsUnregistrationGranularity:5]]
[2022.01.31-17.40.59:952][  0]LogConfig: Setting CVar [[s.FlushStreamingOnExit:1]]
[2022.01.31-17.40.59:952][  0]LogConfig: Applying CVar settings from Section [/Script/Engine.GarbageCollectionSettings] File [C:/Users/charlie.kowalski/Desktop/CharlieKowalski/Portfolio-Projects/PP1_FollowerAi/Saved/Config/Windows/Engine.ini]
[2022.01.31-17.40.59:952][  0]LogConfig: Setting CVar [[gc.MaxObjectsNotConsideredByGC:1]]
[2022.01.31-17.40.59:952][  0]LogConfig: Setting CVar [[gc.SizeOfPermanentObjectPool:0]]
[2022.01.31-17.40.59:953][  0]LogConfig: Setting CVar [[gc.FlushStreamingOnGC:0]]
[2022.01.31-17.40.59:953][  0]LogConfig: Setting CVar [[gc.NumRetriesBeforeForcingGC:10]]
[2022.01.31-17.40.59:953][  0]LogConfig: Setting CVar [[gc.AllowParallelGC:1]]
[2022.01.31-17.40.59:953][  0]LogConfig: Setting CVar [[gc.TimeBetweenPurgingPendingKillObjects:61.1]]
[2022.01.31-17.40.59:953][  0]LogConfig: Setting CVar [[gc.MaxObjectsInEditor:25165824]]
[2022.01.31-17.40.59:953][  0]LogConfig: Setting CVar [[gc.IncrementalBeginDestroyEnabled:1]]
[2022.01.31-17.40.59:953][  0]LogConfig: Setting CVar [[gc.CreateGCClusters:1]]
[2022.01.31-17.40.59:953][  0]LogConfig: Setting CVar [[gc.MinGCClusterSize:5]]
[2022.01.31-17.40.59:953][  0]LogConfig: Setting CVar [[gc.ActorClusteringEnabled:0]]
[2022.01.31-17.40.59:953][  0]LogConfig: Setting CVar [[gc.BlueprintClusteringEnabled:0]]
[2022.01.31-17.40.59:953][  0]LogConfig: Setting CVar [[gc.UseDisregardForGCOnDedicatedServers:0]]
[2022.01.31-17.40.59:953][  0]LogConfig: Setting CVar [[gc.MultithreadedDestructionEnabled:1]]
[2022.01.31-17.40.59:953][  0]LogConfig: Applying CVar settings from Section [/Script/Engine.NetworkSettings] File [C:/Users/charlie.kowalski/Desktop/CharlieKowalski/Portfolio-Projects/PP1_FollowerAi/Saved/Config/Windows/Engine.ini]
[2022.01.31-17.40.59:953][  0]LogConfig: Applying CVar settings from Section [/Script/UnrealEd.CookerSettings] File [C:/Users/charlie.kowalski/Desktop/CharlieKowalski/Portfolio-Projects/PP1_FollowerAi/Saved/Config/Windows/Engine.ini]
[2022.01.31-17.40.59:966][  0]LogConfig: Applying CVar settings from Section [ViewDistanceQuality@3] File [C:/Users/charlie.kowalski/Desktop/CharlieKowalski/Portfolio-Projects/PP1_FollowerAi/Saved/Config/Windows/Scalability.ini]
[2022.01.31-17.40.59:966][  0]LogConfig: Setting CVar [[r.SkeletalMeshLODBias:0]]
[2022.01.31-17.40.59:966][  0]LogConfig: Setting CVar [[r.ViewDistanceScale:1.0]]
[2022.01.31-17.40.59:966][  0]LogConfig: Applying CVar settings from Section [AntiAliasingQuality@3] File [C:/Users/charlie.kowalski/Desktop/CharlieKowalski/Portfolio-Projects/PP1_FollowerAi/Saved/Config/Windows/Scalability.ini]
[2022.01.31-17.40.59:966][  0]LogConfig: Setting CVar [[r.PostProcessAAQuality:4]]
[2022.01.31-17.40.59:966][  0]LogConfig: Applying CVar settings from Section [ShadowQuality@3] File [C:/Users/charlie.kowalski/Desktop/CharlieKowalski/Portfolio-Projects/PP1_FollowerAi/Saved/Config/Windows/Scalability.ini]
[2022.01.31-17.40.59:966][  0]LogConfig: Setting CVar [[r.LightFunctionQuality:1]]
[2022.01.31-17.40.59:966][  0]LogConfig: Setting CVar [[r.ShadowQuality:5]]
[2022.01.31-17.40.59:966][  0]LogConfig: Setting CVar [[r.Shadow.CSM.MaxCascades:10]]
[2022.01.31-17.40.59:966][  0]LogConfig: Setting CVar [[r.Shadow.MaxResolution:2048]]
[2022.01.31-17.40.59:966][  0]LogConfig: Setting CVar [[r.Shadow.MaxCSMResolution:2048]]
[2022.01.31-17.40.59:966][  0]LogConfig: Setting CVar [[r.Shadow.RadiusThreshold:0.01]]
[2022.01.31-17.40.59:966][  0]LogConfig: Setting CVar [[r.Shadow.DistanceScale:1.0]]
[2022.01.31-17.40.59:966][  0]LogConfig: Setting CVar [[r.Shadow.CSM.TransitionScale:1.0]]
[2022.01.31-17.40.59:966][  0]LogConfig: Setting CVar [[r.Shadow.PreShadowResolutionFactor:1.0]]
[2022.01.31-17.40.59:966][  0]LogConfig: Setting CVar [[r.DistanceFieldShadowing:1]]
[2022.01.31-17.40.59:966][  0]LogConfig: Setting CVar [[r.DistanceFieldAO:1]]
[2022.01.31-17.40.59:966][  0]LogConfig: Setting CVar [[r.AOQuality:2]]
[2022.01.31-17.40.59:966][  0]LogConfig: Setting CVar [[r.VolumetricFog:1]]
[2022.01.31-17.40.59:966][  0]LogConfig: Setting CVar [[r.VolumetricFog.GridPixelSize:8]]
[2022.01.31-17.40.59:966][  0]LogConfig: Setting CVar [[r.VolumetricFog.GridSizeZ:128]]
[2022.01.31-17.40.59:966][  0]LogConfig: Setting CVar [[r.VolumetricFog.HistoryMissSupersampleCount:4]]
[2022.01.31-17.40.59:966][  0]LogConfig: Setting CVar [[r.LightMaxDrawDistanceScale:1]]
[2022.01.31-17.40.59:966][  0]LogConfig: Setting CVar [[r.CapsuleShadows:1]]
[2022.01.31-17.40.59:966][  0]LogConfig: Applying CVar settings from Section [PostProcessQuality@3] File [C:/Users/charlie.kowalski/Desktop/CharlieKowalski/Portfolio-Projects/PP1_FollowerAi/Saved/Config/Windows/Scalability.ini]
[2022.01.31-17.40.59:966][  0]LogConfig: Setting CVar [[r.MotionBlurQuality:4]]
[2022.01.31-17.40.59:966][  0]LogConfig: Setting CVar [[r.AmbientOcclusionMipLevelFactor:0.4]]
[2022.01.31-17.40.59:966][  0]LogConfig: Setting CVar [[r.AmbientOcclusionMaxQuality:100]]
[2022.01.31-17.40.59:966][  0]LogConfig: Setting CVar [[r.AmbientOcclusionLevels:-1]]
[2022.01.31-17.40.59:967][  0]LogConfig: Setting CVar [[r.AmbientOcclusionRadiusScale:1.0]]
[2022.01.31-17.40.59:967][  0]LogConfig: Setting CVar [[r.DepthOfFieldQuality:2]]
[2022.01.31-17.40.59:967][  0]LogConfig: Setting CVar [[r.RenderTargetPoolMin:400]]
[2022.01.31-17.40.59:967][  0]LogConfig: Setting CVar [[r.LensFlareQuality:2]]
[2022.01.31-17.40.59:967][  0]LogConfig: Setting CVar [[r.SceneColorFringeQuality:1]]
[2022.01.31-17.40.59:967][  0]LogConfig: Setting CVar [[r.EyeAdaptationQuality:2]]
[2022.01.31-17.40.59:967][  0]LogConfig: Setting CVar [[r.BloomQuality:5]]
[2022.01.31-17.40.59:967][  0]LogConfig: Setting CVar [[r.FastBlurThreshold:100]]
[2022.01.31-17.40.59:967][  0]LogConfig: Setting CVar [[r.Upscale.Quality:3]]
[2022.01.31-17.40.59:967][  0]LogConfig: Setting CVar [[r.Tonemapper.GrainQuantization:1]]
[2022.01.31-17.40.59:967][  0]LogConfig: Setting CVar [[r.LightShaftQuality:1]]
[2022.01.31-17.40.59:967][  0]LogConfig: Setting CVar [[r.Filter.SizeScale:1]]
[2022.01.31-17.40.59:967][  0]LogConfig: Setting CVar [[r.Tonemapper.Quality:5]]
[2022.01.31-17.40.59:967][  0]LogConfig: Setting CVar [[r.DOF.Gather.AccumulatorQuality:1        ; higher gathering accumulator quality]]
[2022.01.31-17.40.59:967][  0]LogConfig: Setting CVar [[r.DOF.Gather.PostfilterMethod:1          ; Median3x3 postfilering method]]
[2022.01.31-17.40.59:967][  0]LogConfig: Setting CVar [[r.DOF.Gather.EnableBokehSettings:0       ; no bokeh simulation when gathering]]
[2022.01.31-17.40.59:967][  0]LogConfig: Setting CVar [[r.DOF.Gather.RingCount:4                 ; medium number of samples when gathering]]
[2022.01.31-17.40.59:967][  0]LogConfig: Setting CVar [[r.DOF.Scatter.ForegroundCompositing:1    ; additive foreground scattering]]
[2022.01.31-17.40.59:967][  0]LogConfig: Setting CVar [[r.DOF.Scatter.BackgroundCompositing:2    ; additive background scattering]]
[2022.01.31-17.40.59:967][  0]LogConfig: Setting CVar [[r.DOF.Scatter.EnableBokehSettings:1      ; bokeh simulation when scattering]]
[2022.01.31-17.40.59:967][  0]LogConfig: Setting CVar [[r.DOF.Scatter.MaxSpriteRatio:0.1         ; only a maximum of 10% of scattered bokeh]]
[2022.01.31-17.40.59:967][  0]LogConfig: Setting CVar [[r.DOF.Recombine.Quality:1                ; cheap slight out of focus]]
[2022.01.31-17.40.59:967][  0]LogConfig: Setting CVar [[r.DOF.Recombine.EnableBokehSettings:0    ; no bokeh simulation on slight out of focus]]
[2022.01.31-17.40.59:967][  0]LogConfig: Setting CVar [[r.DOF.TemporalAAQuality:1                ; more stable temporal accumulation]]
[2022.01.31-17.40.59:967][  0]LogConfig: Setting CVar [[r.DOF.Kernel.MaxForegroundRadius:0.025]]
[2022.01.31-17.40.59:967][  0]LogConfig: Setting CVar [[r.DOF.Kernel.MaxBackgroundRadius:0.025]]
[2022.01.31-17.40.59:967][  0]LogConfig: Applying CVar settings from Section [TextureQuality@3] File [C:/Users/charlie.kowalski/Desktop/CharlieKowalski/Portfolio-Projects/PP1_FollowerAi/Saved/Config/Windows/Scalability.ini]
[2022.01.31-17.40.59:967][  0]LogConfig: Setting CVar [[r.Streaming.MipBias:0]]
[2022.01.31-17.40.59:967][  0]LogConfig: Setting CVar [[r.Streaming.AmortizeCPUToGPUCopy:0]]
[2022.01.31-17.40.59:967][  0]LogConfig: Setting CVar [[r.Streaming.MaxNumTexturesToStreamPerFrame:0]]
[2022.01.31-17.40.59:967][  0]LogConfig: Setting CVar [[r.Streaming.Boost:1]]
[2022.01.31-17.40.59:967][  0]LogConfig: Setting CVar [[r.MaxAnisotropy:8]]
[2022.01.31-17.40.59:967][  0]LogConfig: Setting CVar [[r.VT.MaxAnisotropy:8]]
[2022.01.31-17.40.59:967][  0]LogConfig: Setting CVar [[r.Streaming.LimitPoolSizeToVRAM:0]]
[2022.01.31-17.40.59:967][  0]LogConfig: Setting CVar [[r.Streaming.PoolSize:1000]]
[2022.01.31-17.40.59:967][  0]LogConfig: Setting CVar [[r.Streaming.MaxEffectiveScreenSize:0]]
[2022.01.31-17.40.59:967][  0]LogConfig: Applying CVar settings from Section [EffectsQuality@3] File [C:/Users/charlie.kowalski/Desktop/CharlieKowalski/Portfolio-Projects/PP1_FollowerAi/Saved/Config/Windows/Scalability.ini]
[2022.01.31-17.40.59:967][  0]LogConfig: Setting CVar [[r.TranslucencyLightingVolumeDim:64]]
[2022.01.31-17.40.59:967][  0]LogConfig: Setting CVar [[r.RefractionQuality:2]]
[2022.01.31-17.40.59:967][  0]LogConfig: Setting CVar [[r.SSR.Quality:3]]
[2022.01.31-17.40.59:967][  0]LogConfig: Setting CVar [[r.SSR.HalfResSceneColor:0]]
[2022.01.31-17.40.59:967][  0]LogConfig: Setting CVar [[r.SceneColorFormat:4]]
[2022.01.31-17.40.59:967][  0]LogConfig: Setting CVar [[r.DetailMode:2]]
[2022.01.31-17.40.59:967][  0]LogConfig: Setting CVar [[r.TranslucencyVolumeBlur:1]]
[2022.01.31-17.40.59:967][  0]LogConfig: Setting CVar [[r.MaterialQualityLevel:1 ; High quality]]
[2022.01.31-17.40.59:967][  0]LogConfig: Setting CVar [[r.AnisotropicMaterials:1]]
[2022.01.31-17.40.59:967][  0]LogConfig: Setting CVar [[r.SSS.Scale:1]]
[2022.01.31-17.40.59:967][  0]LogConfig: Setting CVar [[r.SSS.SampleSet:2]]
[2022.01.31-17.40.59:967][  0]LogConfig: Setting CVar [[r.SSS.Quality:1]]
[2022.01.31-17.40.59:967][  0]LogConfig: Setting CVar [[r.SSS.HalfRes:0]]
[2022.01.31-17.40.59:967][  0]LogConfig: Setting CVar [[r.SSGI.Quality:3]]
[2022.01.31-17.40.59:967][  0]LogConfig: Setting CVar [[r.EmitterSpawnRateScale:1.0]]
[2022.01.31-17.40.59:967][  0]LogConfig: Setting CVar [[r.ParticleLightQuality:2]]
[2022.01.31-17.40.59:967][  0]LogConfig: Setting CVar [[r.SkyAtmosphere.AerialPerspectiveLUT.FastApplyOnOpaque:1 ; Always have FastSkyLUT 1 in this case to avoid wrong sky]]
[2022.01.31-17.40.59:967][  0]LogConfig: Setting CVar [[r.SkyAtmosphere.AerialPerspectiveLUT.SampleCountMaxPerSlice:4]]
[2022.01.31-17.40.59:967][  0]LogConfig: Setting CVar [[r.SkyAtmosphere.AerialPerspectiveLUT.DepthResolution:16.0]]
[2022.01.31-17.40.59:967][  0]LogConfig: Setting CVar [[r.SkyAtmosphere.FastSkyLUT:1]]
[2022.01.31-17.40.59:967][  0]LogConfig: Setting CVar [[r.SkyAtmosphere.FastSkyLUT.SampleCountMin:4.0]]
[2022.01.31-17.40.59:967][  0]LogConfig: Setting CVar [[r.SkyAtmosphere.FastSkyLUT.SampleCountMax:128.0]]
[2022.01.31-17.40.59:967][  0]LogConfig: Setting CVar [[r.SkyAtmosphere.SampleCountMin:4.0]]
[2022.01.31-17.40.59:967][  0]LogConfig: Setting CVar [[r.SkyAtmosphere.SampleCountMax:128.0]]
[2022.01.31-17.40.59:967][  0]LogConfig: Setting CVar [[r.SkyAtmosphere.TransmittanceLUT.UseSmallFormat:0]]
[2022.01.31-17.40.59:967][  0]LogConfig: Setting CVar [[r.SkyAtmosphere.TransmittanceLUT.SampleCount:10.0]]
[2022.01.31-17.40.59:967][  0]LogConfig: Setting CVar [[r.SkyAtmosphere.MultiScatteringLUT.SampleCount:15.0]]
[2022.01.31-17.40.59:967][  0]LogConfig: Setting CVar [[r.SkyLight.RealTimeReflectionCapture:1]]
[2022.01.31-17.40.59:968][  0]LogConfig: Applying CVar settings from Section [FoliageQuality@3] File [C:/Users/charlie.kowalski/Desktop/CharlieKowalski/Portfolio-Projects/PP1_FollowerAi/Saved/Config/Windows/Scalability.ini]
[2022.01.31-17.40.59:968][  0]LogConfig: Setting CVar [[foliage.DensityScale:1.0]]
[2022.01.31-17.40.59:968][  0]LogConfig: Setting CVar [[grass.DensityScale:1.0]]
[2022.01.31-17.40.59:968][  0]LogConfig: Applying CVar settings from Section [ShadingQuality@3] File [C:/Users/charlie.kowalski/Desktop/CharlieKowalski/Portfolio-Projects/PP1_FollowerAi/Saved/Config/Windows/Scalability.ini]
[2022.01.31-17.40.59:968][  0]LogConfig: Setting CVar [[r.HairStrands.SkyLighting.IntegrationType:2]]
[2022.01.31-17.40.59:968][  0]LogConfig: Setting CVar [[r.HairStrands.SkyAO.SampleCount:4]]
[2022.01.31-17.40.59:968][  0]LogConfig: Setting CVar [[r.HairStrands.Visibility.MSAA.SamplePerPixel:4]]
[2022.01.31-17.40.59:968][  0]LogInit: Selected Device Profile: [Windows]
[2022.01.31-17.40.59:968][  0]LogInit: Applying CVar settings loaded from the selected device profile: [Windows]
[2022.01.31-17.40.59:968][  0]LogHAL: Display: Platform has ~ 32 GB [34283397120 / 34359738368 / 32], which maps to Largest [LargestMinGB=32, LargerMinGB=12, DefaultMinGB=8, SmallerMinGB=6, SmallestMinGB=0)
[2022.01.31-17.40.59:968][  0]LogInit: Going up to parent DeviceProfile []
[2022.01.31-17.40.59:968][  0]LogConfig: Applying CVar settings from Section [ViewDistanceQuality@3] File [C:/Users/charlie.kowalski/Desktop/CharlieKowalski/Portfolio-Projects/PP1_FollowerAi/Saved/Config/Windows/Scalability.ini]
[2022.01.31-17.40.59:968][  0]LogConfig: Setting CVar [[r.SkeletalMeshLODBias:0]]
[2022.01.31-17.40.59:968][  0]LogConfig: Setting CVar [[r.ViewDistanceScale:1.0]]
[2022.01.31-17.40.59:968][  0]LogConfig: Applying CVar settings from Section [AntiAliasingQuality@3] File [C:/Users/charlie.kowalski/Desktop/CharlieKowalski/Portfolio-Projects/PP1_FollowerAi/Saved/Config/Windows/Scalability.ini]
[2022.01.31-17.40.59:968][  0]LogConfig: Setting CVar [[r.PostProcessAAQuality:4]]
[2022.01.31-17.40.59:968][  0]LogConfig: Applying CVar settings from Section [ShadowQuality@3] File [C:/Users/charlie.kowalski/Desktop/CharlieKowalski/Portfolio-Projects/PP1_FollowerAi/Saved/Config/Windows/Scalability.ini]
[2022.01.31-17.40.59:968][  0]LogConfig: Setting CVar [[r.LightFunctionQuality:1]]
[2022.01.31-17.40.59:968][  0]LogConfig: Setting CVar [[r.ShadowQuality:5]]
[2022.01.31-17.40.59:968][  0]LogConfig: Setting CVar [[r.Shadow.CSM.MaxCascades:10]]
[2022.01.31-17.40.59:968][  0]LogConfig: Setting CVar [[r.Shadow.MaxResolution:2048]]
[2022.01.31-17.40.59:968][  0]LogConfig: Setting CVar [[r.Shadow.MaxCSMResolution:2048]]
[2022.01.31-17.40.59:968][  0]LogConfig: Setting CVar [[r.Shadow.RadiusThreshold:0.01]]
[2022.01.31-17.40.59:968][  0]LogConfig: Setting CVar [[r.Shadow.DistanceScale:1.0]]
[2022.01.31-17.40.59:968][  0]LogConfig: Setting CVar [[r.Shadow.CSM.TransitionScale:1.0]]
[2022.01.31-17.40.59:968][  0]LogConfig: Setting CVar [[r.Shadow.PreShadowResolutionFactor:1.0]]
[2022.01.31-17.40.59:968][  0]LogConfig: Setting CVar [[r.DistanceFieldShadowing:1]]
[2022.01.31-17.40.59:968][  0]LogConfig: Setting CVar [[r.DistanceFieldAO:1]]
[2022.01.31-17.40.59:968][  0]LogConfig: Setting CVar [[r.AOQuality:2]]
[2022.01.31-17.40.59:968][  0]LogConfig: Setting CVar [[r.VolumetricFog:1]]
[2022.01.31-17.40.59:968][  0]LogConfig: Setting CVar [[r.VolumetricFog.GridPixelSize:8]]
[2022.01.31-17.40.59:968][  0]LogConfig: Setting CVar [[r.VolumetricFog.GridSizeZ:128]]
[2022.01.31-17.40.59:968][  0]LogConfig: Setting CVar [[r.VolumetricFog.HistoryMissSupersampleCount:4]]
[2022.01.31-17.40.59:968][  0]LogConfig: Setting CVar [[r.LightMaxDrawDistanceScale:1]]
[2022.01.31-17.40.59:968][  0]LogConfig: Setting CVar [[r.CapsuleShadows:1]]
[2022.01.31-17.40.59:968][  0]LogConfig: Applying CVar settings from Section [PostProcessQuality@3] File [C:/Users/charlie.kowalski/Desktop/CharlieKowalski/Portfolio-Projects/PP1_FollowerAi/Saved/Config/Windows/Scalability.ini]
[2022.01.31-17.40.59:968][  0]LogConfig: Setting CVar [[r.MotionBlurQuality:4]]
[2022.01.31-17.40.59:968][  0]LogConfig: Setting CVar [[r.AmbientOcclusionMipLevelFactor:0.4]]
[2022.01.31-17.40.59:968][  0]LogConfig: Setting CVar [[r.AmbientOcclusionMaxQuality:100]]
[2022.01.31-17.40.59:968][  0]LogConfig: Setting CVar [[r.AmbientOcclusionLevels:-1]]
[2022.01.31-17.40.59:968][  0]LogConfig: Setting CVar [[r.AmbientOcclusionRadiusScale:1.0]]
[2022.01.31-17.40.59:968][  0]LogConfig: Setting CVar [[r.DepthOfFieldQuality:2]]
[2022.01.31-17.40.59:968][  0]LogConfig: Setting CVar [[r.RenderTargetPoolMin:400]]
[2022.01.31-17.40.59:968][  0]LogConfig: Setting CVar [[r.LensFlareQuality:2]]
[2022.01.31-17.40.59:968][  0]LogConfig: Setting CVar [[r.SceneColorFringeQuality:1]]
[2022.01.31-17.40.59:968][  0]LogConfig: Setting CVar [[r.EyeAdaptationQuality:2]]
[2022.01.31-17.40.59:968][  0]LogConfig: Setting CVar [[r.BloomQuality:5]]
[2022.01.31-17.40.59:968][  0]LogConfig: Setting CVar [[r.FastBlurThreshold:100]]
[2022.01.31-17.40.59:968][  0]LogConfig: Setting CVar [[r.Upscale.Quality:3]]
[2022.01.31-17.40.59:968][  0]LogConfig: Setting CVar [[r.Tonemapper.GrainQuantization:1]]
[2022.01.31-17.40.59:968][  0]LogConfig: Setting CVar [[r.LightShaftQuality:1]]
[2022.01.31-17.40.59:968][  0]LogConfig: Setting CVar [[r.Filter.SizeScale:1]]
[2022.01.31-17.40.59:968][  0]LogConfig: Setting CVar [[r.Tonemapper.Quality:5]]
[2022.01.31-17.40.59:968][  0]LogConfig: Setting CVar [[r.DOF.Gather.AccumulatorQuality:1        ; higher gathering accumulator quality]]
[2022.01.31-17.40.59:968][  0]LogConfig: Setting CVar [[r.DOF.Gather.PostfilterMethod:1          ; Median3x3 postfilering method]]
[2022.01.31-17.40.59:968][  0]LogConfig: Setting CVar [[r.DOF.Gather.EnableBokehSettings:0       ; no bokeh simulation when gathering]]
[2022.01.31-17.40.59:969][  0]LogConfig: Setting CVar [[r.DOF.Gather.RingCount:4                 ; medium number of samples when gathering]]
[2022.01.31-17.40.59:969][  0]LogConfig: Setting CVar [[r.DOF.Scatter.ForegroundCompositing:1    ; additive foreground scattering]]
[2022.01.31-17.40.59:969][  0]LogConfig: Setting CVar [[r.DOF.Scatter.BackgroundCompositing:2    ; additive background scattering]]
[2022.01.31-17.40.59:969][  0]LogConfig: Setting CVar [[r.DOF.Scatter.EnableBokehSettings:1      ; bokeh simulation when scattering]]
[2022.01.31-17.40.59:969][  0]LogConfig: Setting CVar [[r.DOF.Scatter.MaxSpriteRatio:0.1         ; only a maximum of 10% of scattered bokeh]]
[2022.01.31-17.40.59:969][  0]LogConfig: Setting CVar [[r.DOF.Recombine.Quality:1                ; cheap slight out of focus]]
[2022.01.31-17.40.59:969][  0]LogConfig: Setting CVar [[r.DOF.Recombine.EnableBokehSettings:0    ; no bokeh simulation on slight out of focus]]
[2022.01.31-17.40.59:969][  0]LogConfig: Setting CVar [[r.DOF.TemporalAAQuality:1                ; more stable temporal accumulation]]
[2022.01.31-17.40.59:969][  0]LogConfig: Setting CVar [[r.DOF.Kernel.MaxForegroundRadius:0.025]]
[2022.01.31-17.40.59:969][  0]LogConfig: Setting CVar [[r.DOF.Kernel.MaxBackgroundRadius:0.025]]
[2022.01.31-17.40.59:969][  0]LogConfig: Applying CVar settings from Section [TextureQuality@3] File [C:/Users/charlie.kowalski/Desktop/CharlieKowalski/Portfolio-Projects/PP1_FollowerAi/Saved/Config/Windows/Scalability.ini]
[2022.01.31-17.40.59:969][  0]LogConfig: Setting CVar [[r.Streaming.MipBias:0]]
[2022.01.31-17.40.59:969][  0]LogConfig: Setting CVar [[r.Streaming.AmortizeCPUToGPUCopy:0]]
[2022.01.31-17.40.59:969][  0]LogConfig: Setting CVar [[r.Streaming.MaxNumTexturesToStreamPerFrame:0]]
[2022.01.31-17.40.59:969][  0]LogConfig: Setting CVar [[r.Streaming.Boost:1]]
[2022.01.31-17.40.59:969][  0]LogConfig: Setting CVar [[r.MaxAnisotropy:8]]
[2022.01.31-17.40.59:969][  0]LogConfig: Setting CVar [[r.VT.MaxAnisotropy:8]]
[2022.01.31-17.40.59:969][  0]LogConfig: Setting CVar [[r.Streaming.LimitPoolSizeToVRAM:0]]
[2022.01.31-17.40.59:969][  0]LogConfig: Setting CVar [[r.Streaming.PoolSize:1000]]
[2022.01.31-17.40.59:969][  0]LogConfig: Setting CVar [[r.Streaming.MaxEffectiveScreenSize:0]]
[2022.01.31-17.40.59:969][  0]LogConfig: Applying CVar settings from Section [EffectsQuality@3] File [C:/Users/charlie.kowalski/Desktop/CharlieKowalski/Portfolio-Projects/PP1_FollowerAi/Saved/Config/Windows/Scalability.ini]
[2022.01.31-17.40.59:969][  0]LogConfig: Setting CVar [[r.TranslucencyLightingVolumeDim:64]]
[2022.01.31-17.40.59:969][  0]LogConfig: Setting CVar [[r.RefractionQuality:2]]
[2022.01.31-17.40.59:969][  0]LogConfig: Setting CVar [[r.SSR.Quality:3]]
[2022.01.31-17.40.59:969][  0]LogConfig: Setting CVar [[r.SSR.HalfResSceneColor:0]]
[2022.01.31-17.40.59:969][  0]LogConfig: Setting CVar [[r.SceneColorFormat:4]]
[2022.01.31-17.40.59:969][  0]LogConfig: Setting CVar [[r.DetailMode:2]]
[2022.01.31-17.40.59:969][  0]LogConfig: Setting CVar [[r.TranslucencyVolumeBlur:1]]
[2022.01.31-17.40.59:969][  0]LogConfig: Setting CVar [[r.MaterialQualityLevel:1 ; High quality]]
[2022.01.31-17.40.59:969][  0]LogConfig: Setting CVar [[r.AnisotropicMaterials:1]]
[2022.01.31-17.40.59:969][  0]LogConfig: Setting CVar [[r.SSS.Scale:1]]
[2022.01.31-17.40.59:969][  0]LogConfig: Setting CVar [[r.SSS.SampleSet:2]]
[2022.01.31-17.40.59:969][  0]LogConfig: Setting CVar [[r.SSS.Quality:1]]
[2022.01.31-17.40.59:969][  0]LogConfig: Setting CVar [[r.SSS.HalfRes:0]]
[2022.01.31-17.40.59:969][  0]LogConfig: Setting CVar [[r.SSGI.Quality:3]]
[2022.01.31-17.40.59:969][  0]LogConfig: Setting CVar [[r.EmitterSpawnRateScale:1.0]]
[2022.01.31-17.40.59:969][  0]LogConfig: Setting CVar [[r.ParticleLightQuality:2]]
[2022.01.31-17.40.59:969][  0]LogConfig: Setting CVar [[r.SkyAtmosphere.AerialPerspectiveLUT.FastApplyOnOpaque:1 ; Always have FastSkyLUT 1 in this case to avoid wrong sky]]
[2022.01.31-17.40.59:969][  0]LogConfig: Setting CVar [[r.SkyAtmosphere.AerialPerspectiveLUT.SampleCountMaxPerSlice:4]]
[2022.01.31-17.40.59:969][  0]LogConfig: Setting CVar [[r.SkyAtmosphere.AerialPerspectiveLUT.DepthResolution:16.0]]
[2022.01.31-17.40.59:969][  0]LogConfig: Setting CVar [[r.SkyAtmosphere.FastSkyLUT:1]]
[2022.01.31-17.40.59:969][  0]LogConfig: Setting CVar [[r.SkyAtmosphere.FastSkyLUT.SampleCountMin:4.0]]
[2022.01.31-17.40.59:969][  0]LogConfig: Setting CVar [[r.SkyAtmosphere.FastSkyLUT.SampleCountMax:128.0]]
[2022.01.31-17.40.59:969][  0]LogConfig: Setting CVar [[r.SkyAtmosphere.SampleCountMin:4.0]]
[2022.01.31-17.40.59:969][  0]LogConfig: Setting CVar [[r.SkyAtmosphere.SampleCountMax:128.0]]
[2022.01.31-17.40.59:969][  0]LogConfig: Setting CVar [[r.SkyAtmosphere.TransmittanceLUT.UseSmallFormat:0]]
[2022.01.31-17.40.59:969][  0]LogConfig: Setting CVar [[r.SkyAtmosphere.TransmittanceLUT.SampleCount:10.0]]
[2022.01.31-17.40.59:969][  0]LogConfig: Setting CVar [[r.SkyAtmosphere.MultiScatteringLUT.SampleCount:15.0]]
[2022.01.31-17.40.59:969][  0]LogConfig: Setting CVar [[r.SkyLight.RealTimeReflectionCapture:1]]
[2022.01.31-17.40.59:969][  0]LogConfig: Applying CVar settings from Section [FoliageQuality@3] File [C:/Users/charlie.kowalski/Desktop/CharlieKowalski/Portfolio-Projects/PP1_FollowerAi/Saved/Config/Windows/Scalability.ini]
[2022.01.31-17.40.59:969][  0]LogConfig: Setting CVar [[foliage.DensityScale:1.0]]
[2022.01.31-17.40.59:969][  0]LogConfig: Setting CVar [[grass.DensityScale:1.0]]
[2022.01.31-17.40.59:969][  0]LogConfig: Applying CVar settings from Section [ShadingQuality@3] File [C:/Users/charlie.kowalski/Desktop/CharlieKowalski/Portfolio-Projects/PP1_FollowerAi/Saved/Config/Windows/Scalability.ini]
[2022.01.31-17.40.59:969][  0]LogConfig: Setting CVar [[r.HairStrands.SkyLighting.IntegrationType:2]]
[2022.01.31-17.40.59:969][  0]LogConfig: Setting CVar [[r.HairStrands.SkyAO.SampleCount:4]]
[2022.01.31-17.40.59:969][  0]LogConfig: Setting CVar [[r.HairStrands.Visibility.MSAA.SamplePerPixel:4]]
[2022.01.31-17.40.59:969][  0]LogConfig: Applying CVar settings from Section [Startup] File [../../../Engine/Config/ConsoleVariables.ini]
[2022.01.31-17.40.59:970][  0]LogConfig: Setting CVar [[net.UseAdaptiveNetUpdateFrequency:0]]
[2022.01.31-17.40.59:970][  0]LogConfig: Setting CVar [[p.chaos.AllowCreatePhysxBodies:1]]
[2022.01.31-17.40.59:970][  0]LogConfig: Setting CVar [[fx.SkipVectorVMBackendOptimizations:1]]
[2022.01.31-17.40.59:970][  0]LogConfig: Applying CVar settings from Section [ConsoleVariables] File [C:/Users/charlie.kowalski/Desktop/CharlieKowalski/Portfolio-Projects/PP1_FollowerAi/Saved/Config/Windows/Engine.ini]
[2022.01.31-17.40.59:970][  0]LogConfig: Applying CVar settings from Section [ConsoleVariables] File [C:/Users/charlie.kowalski/Desktop/CharlieKowalski/Portfolio-Projects/PP1_FollowerAi/Saved/Config/Windows/Editor.ini]
[2022.01.31-17.40.59:970][  0]LogInit: Computer: JOYCE101-14
[2022.01.31-17.40.59:970][  0]LogInit: User: charliekowalski
[2022.01.31-17.40.59:970][  0]LogInit: CPU Page size=4096, Cores=4
[2022.01.31-17.40.59:970][  0]LogInit: High frequency timer resolution =10.000000 MHz
[2022.01.31-17.40.59:970][  0]LogMemory: Memory total: Physical=31.9GB (32GB approx)
[2022.01.31-17.40.59:970][  0]LogMemory: Platform Memory Stats for Windows
[2022.01.31-17.40.59:970][  0]LogMemory: Process Physical Memory: 146.45 MB used, 146.46 MB peak
[2022.01.31-17.40.59:970][  0]LogMemory: Process Virtual Memory: 126.51 MB used, 126.51 MB peak
[2022.01.31-17.40.59:970][  0]LogMemory: Physical Memory: 9513.63 MB used,  23181.56 MB free, 32695.20 MB total
[2022.01.31-17.40.59:970][  0]LogMemory: Virtual Memory: 134193144.00 MB used,  24587.87 MB free, 134217728.00 MB total
[2022.01.31-17.40.59:976][  0]LogWindows: WindowsPlatformFeatures enabled
[2022.01.31-17.41.00:003][  0]LogInit: Physics initialised using underlying interface: PhysX
[2022.01.31-17.41.00:003][  0]LogInit: Using OS detected language (en-US).
[2022.01.31-17.41.00:003][  0]LogInit: Using OS detected locale (en-US).
[2022.01.31-17.41.00:009][  0]LogTextLocalizationManager: No specific localization for 'en-US' exists, so the 'en' localization will be used.
[2022.01.31-17.41.00:293][  0]LogWindowsTextInputMethodSystem: Display: IME system deactivated.
[2022.01.31-17.41.00:323][  0]LogSlate: New Slate User Created.  User Index 0, Is Virtual User: 0
[2022.01.31-17.41.00:324][  0]LogSlate: Slate User Registered.  User Index 0, Is Virtual User: 0
[2022.01.31-17.41.00:347][  0]LogD3D11RHI: Loaded GFSDK_Aftermath_Lib.x64.dll
[2022.01.31-17.41.00:351][  0]LogHMD: Failed to initialize OpenVR with code 110
[2022.01.31-17.41.00:351][  0]LogD3D11RHI: D3D11 min allowed feature level: 11_0
[2022.01.31-17.41.00:351][  0]LogD3D11RHI: D3D11 max allowed feature level: 11_0
[2022.01.31-17.41.00:351][  0]LogD3D11RHI: D3D11 adapters:
[2022.01.31-17.41.00:443][  0]LogD3D11RHI:    0. 'NVIDIA GeForce GTX 1080 Ti' (Feature Level 11_0)
[2022.01.31-17.41.00:443][  0]LogD3D11RHI:       11127/0/16347 MB DedicatedVideo/DedicatedSystem/SharedSystem, Outputs:2, VendorId:0x10de
[2022.01.31-17.41.00:446][  0]LogD3D11RHI:    1. 'Microsoft Basic Render Driver' (Feature Level 11_0)
[2022.01.31-17.41.00:446][  0]LogD3D11RHI:       0/0/16347 MB DedicatedVideo/DedicatedSystem/SharedSystem, Outputs:0, VendorId:0x1414
[2022.01.31-17.41.00:446][  0]LogD3D11RHI: Chosen D3D11 Adapter:
[2022.01.31-17.41.00:446][  0]LogD3D11RHI:     Description : NVIDIA GeForce GTX 1080 Ti
[2022.01.31-17.41.00:446][  0]LogD3D11RHI:     VendorId    : 10de
[2022.01.31-17.41.00:446][  0]LogD3D11RHI:     DeviceId    : 1b06
[2022.01.31-17.41.00:446][  0]LogD3D11RHI:     SubSysId    : 85e21043
[2022.01.31-17.41.00:446][  0]LogD3D11RHI:     Revision    : 00a1
[2022.01.31-17.41.00:446][  0]LogD3D11RHI:     DedicatedVideoMemory : 11667505152 bytes
[2022.01.31-17.41.00:446][  0]LogD3D11RHI:     DedicatedSystemMemory : 0 bytes
[2022.01.31-17.41.00:446][  0]LogD3D11RHI:     SharedSystemMemory : 17141698560 bytes
[2022.01.31-17.41.00:446][  0]LogD3D11RHI:     AdapterLuid : 0 36744
[2022.01.31-17.41.00:457][  0]LogD3D11RHI: Creating new Direct3DDevice
[2022.01.31-17.41.00:457][  0]LogD3D11RHI:     GPU DeviceId: 0x1b06 (for the marketing name, search the web for "GPU Device Id")
[2022.01.31-17.41.00:457][  0]LogWindows: EnumDisplayDevices:
[2022.01.31-17.41.00:458][  0]LogWindows:    0. 'NVIDIA GeForce GTX 1080 Ti' (P:1 D:1)
[2022.01.31-17.41.00:458][  0]LogWindows:    1. 'NVIDIA GeForce GTX 1080 Ti' (P:0 D:1)
[2022.01.31-17.41.00:458][  0]LogWindows:    2. 'NVIDIA GeForce GTX 1080 Ti' (P:0 D:0)
[2022.01.31-17.41.00:459][  0]LogWindows:    3. 'NVIDIA GeForce GTX 1080 Ti' (P:0 D:0)
[2022.01.31-17.41.00:459][  0]LogWindows: DebugString: FoundDriverCount:4 
[2022.01.31-17.41.00:459][  0]LogD3D11RHI:     Adapter Name: NVIDIA GeForce GTX 1080 Ti
[2022.01.31-17.41.00:459][  0]LogD3D11RHI:   Driver Version: 456.71 (internal:27.21.14.5671, unified:456.71)
[2022.01.31-17.41.00:459][  0]LogD3D11RHI:      Driver Date: 9-30-2020
[2022.01.31-17.41.00:459][  0]LogRHI: Texture pool is 7788 MB (70% of 11127 MB)
[2022.01.31-17.41.00:459][  0]LogD3D11RHI: Creating D3DDevice using adapter:
[2022.01.31-17.41.00:459][  0]LogD3D11RHI:     Description : NVIDIA GeForce GTX 1080 Ti
[2022.01.31-17.41.00:459][  0]LogD3D11RHI:     VendorId    : 10de
[2022.01.31-17.41.00:459][  0]LogD3D11RHI:     DeviceId    : 1b06
[2022.01.31-17.41.00:459][  0]LogD3D11RHI:     SubSysId    : 85e21043
[2022.01.31-17.41.00:459][  0]LogD3D11RHI:     Revision    : 00a1
[2022.01.31-17.41.00:459][  0]LogD3D11RHI:     DedicatedVideoMemory : 11667505152 bytes
[2022.01.31-17.41.00:459][  0]LogD3D11RHI:     DedicatedSystemMemory : 0 bytes
[2022.01.31-17.41.00:459][  0]LogD3D11RHI:     SharedSystemMemory : 17141698560 bytes
[2022.01.31-17.41.00:459][  0]LogD3D11RHI:     AdapterLuid : 0 36744
[2022.01.31-17.41.00:528][  0]LogD3D11RHI: RHI has support for 64 bit atomics
[2022.01.31-17.41.00:529][  0]LogD3D11RHI: Async texture creation enabled
[2022.01.31-17.41.00:529][  0]LogD3D11RHI: Array index from any shader is supported
[2022.01.31-17.41.00:548][  0]LogD3D11RHI: GPU Timing Frequency: 1000.000000 (Debug: 2 1)
[2022.01.31-17.41.00:591][  0]LogRHI: GeForceNow SDK initialized: 1
[2022.01.31-17.41.00:912][  0]LogTargetPlatformManager: Display: Loaded TargetPlatform 'WindowsNoEditor'
[2022.01.31-17.41.00:917][  0]LogTargetPlatformManager: Display: Loaded TargetPlatform 'Windows'
[2022.01.31-17.41.00:921][  0]LogTargetPlatformManager: Display: Loaded TargetPlatform 'WindowsClient'
[2022.01.31-17.41.00:925][  0]LogTargetPlatformManager: Display: Loaded TargetPlatform 'WindowsServer'
[2022.01.31-17.41.00:925][  0]LogTargetPlatformManager: Display: Building Assets For Windows
[2022.01.31-17.41.00:931][  0]LogAudioDebug: Display: Lib vorbis DLL was dynamically loaded.
[2022.01.31-17.41.00:963][  0]LogTextureFormatOodle: Display: Oodle Texture 2.9.0 init RDO Off
[2022.01.31-17.41.00:994][  0]LogRendererCore: Ray tracing is disabled. Reason: r.RayTracing=0.
[2022.01.31-17.41.00:994][  0]LogShaderCompilers: Guid format shader working directory is -42 characters bigger than the processId version (../../../../../../Users/charlie.kowalski/Desktop/CharlieKowalski/Portfolio-Projects/PP1_FollowerAi/Intermediate/Shaders/WorkingDirectory/33928/).
[2022.01.31-17.41.00:994][  0]LogShaderCompilers: Cleaned the shader compiler working directory 'C:/Users/charlie.kowalski/AppData/Local/Temp/UnrealShaderWorkingDir/B060B7C14396CBEAD9549BBC7A3D9B89/'.
[2022.01.31-17.41.00:994][  0]LogXGEController: Cannot use XGE Controller as Incredibuild is not installed on this machine.
[2022.01.31-17.41.00:994][  0]LogShaderCompilers: Cannot use XGE Shader Compiler as Incredibuild is not installed on this machine.
[2022.01.31-17.41.00:994][  0]LogShaderCompilers: Display: Using Local Shader Compiler.
[2022.01.31-17.41.01:779][  0]LogDerivedDataCache: Display: Max Cache Size: 512 MB
[2022.01.31-17.41.01:844][  0]LogDerivedDataCache: Loaded boot cache 0.06s 96MB C:/Users/charlie.kowalski/AppData/Local/UnrealEngine/4.27/DerivedDataCache/Boot.ddc.
[2022.01.31-17.41.01:844][  0]LogDerivedDataCache: Display: Loaded Boot cache: C:/Users/charlie.kowalski/AppData/Local/UnrealEngine/4.27/DerivedDataCache/Boot.ddc
[2022.01.31-17.41.01:844][  0]LogDerivedDataCache: FDerivedDataBackendGraph:  Pak pak cache file ../../../../../../Users/charlie.kowalski/Desktop/CharlieKowalski/Portfolio-Projects/PP1_FollowerAi/DerivedDataCache/DDC.ddp not found, will not use a pak cache.
[2022.01.31-17.41.01:844][  0]LogDerivedDataCache: Unable to find inner node Pak for hierarchical cache Hierarchy.
[2022.01.31-17.41.01:844][  0]LogDerivedDataCache: FDerivedDataBackendGraph:  CompressedPak pak cache file ../../../../../../Users/charlie.kowalski/Desktop/CharlieKowalski/Portfolio-Projects/PP1_FollowerAi/DerivedDataCache/Compressed.ddp not found, will not use a pak cache.
[2022.01.31-17.41.01:844][  0]LogDerivedDataCache: Unable to find inner node CompressedPak for hierarchical cache Hierarchy.
[2022.01.31-17.41.01:861][  0]LogDerivedDataCache: Display: Pak cache opened for reading ../../../Engine/DerivedDataCache/Compressed.ddp.
[2022.01.31-17.41.01:861][  0]LogDerivedDataCache: FDerivedDataBackendGraph:  EnterprisePak pak cache file ../../../Enterprise/DerivedDataCache/Compressed.ddp not found, will not use a pak cache.
[2022.01.31-17.41.01:861][  0]LogDerivedDataCache: Unable to find inner node EnterprisePak for hierarchical cache Hierarchy.
[2022.01.31-17.41.01:869][  0]LogDerivedDataCache: Speed tests for C:/Users/charlie.kowalski/AppData/Local/UnrealEngine/Common/DerivedDataCache took 0.01 seconds
[2022.01.31-17.41.01:869][  0]LogDerivedDataCache: Display: Performance to C:/Users/charlie.kowalski/AppData/Local/UnrealEngine/Common/DerivedDataCache: Latency=0.03ms. RandomReadSpeed=1082.67MBs, RandomWriteSpeed=146.61MBs. Assigned SpeedClass 'Local'
[2022.01.31-17.41.01:870][  0]LogDerivedDataCache: Using Local data cache path C:/Users/charlie.kowalski/AppData/Local/UnrealEngine/Common/DerivedDataCache: Writable
[2022.01.31-17.41.01:870][  0]LogDerivedDataCache: Shared data cache path not found in *engine.ini, will not use an Shared cache.
[2022.01.31-17.41.01:870][  0]LogDerivedDataCache: Unable to find inner node Shared for hierarchical cache Hierarchy.
[2022.01.31-17.41.01:908][  0]LogSlate: Using FreeType 2.10.0
[2022.01.31-17.41.01:909][  0]LogSlate: SlateFontServices - WITH_FREETYPE: 1, WITH_HARFBUZZ: 1
[2022.01.31-17.41.02:003][  0]LogInit: Using OS detected language (en-US).
[2022.01.31-17.41.02:003][  0]LogInit: Using OS detected locale (en-US).
[2022.01.31-17.41.02:003][  0]LogTextLocalizationManager: No localization for 'en-US' exists, so 'en' will be used for the language.
[2022.01.31-17.41.02:003][  0]LogTextLocalizationManager: No localization for 'en-US' exists, so 'en' will be used for the locale.
[2022.01.31-17.41.02:003][  0]LogSlate: FontCache flush requested. Reason: Culture for localization was changed
[2022.01.31-17.41.02:003][  0]LogSlate: FontCache flush requested. Reason: Culture for localization was changed
[2022.01.31-17.41.02:006][  0]LogTextLocalizationManager: Compacting localization data took   0.01ms
[2022.01.31-17.41.02:006][  0]LogAssetRegistry: FAssetRegistry took 0.0020 seconds to start up
[2022.01.31-17.41.02:178][  0]LogPackageLocalizationCache: Processed 27 localized package path(s) for 1 prioritized culture(s) in 0.001187 seconds
[2022.01.31-17.41.02:246][  0]LogInit: Selected Device Profile: [Windows]
[2022.01.31-17.41.02:246][  0]LogInit: Active device profile: [00000175D7F29300][00000175D0D67080 49] Windows
[2022.01.31-17.41.02:247][  0]LogInit: Profiles: [00000175D7F29300][00000175D0D67080 49] Windows, [00000175D7EFF400][00000175D0D6F340 49] WindowsNoEditor, [00000175D7F2A200][00000175D0D73600 49] WindowsServer, [00000175D7EFE200][00000175D0D778C0 49] WindowsClient, [00000175D7F2B000][00000175D0D6BB40 49] IOS, [00000175D7EFD500][00000175D0D7A240 49] iPadAir, [00000175D7F2BD00][00000175D0D82500 49] iPadAir2, [00000175D7EA2400][00000175D0E4CA40 49] IPadPro, [00000175D7EA2500][00000175D0D86A80 49] iPadAir3, [00000175D7EFE100][00000175D0D8ED40 49] iPadAir4, [00000175D7EA3300][00000175D0D8B000 49] iPadMini2, [00000175D7EFF900][00000175D0E492C0 49] iPadMini3, [00000175D7EA2300][00000175D0E51580 49] iPadMini4, [00000175D7EFE800][00000175D0E55840 49] iPadMini5, [00000175D7F21D00][00000175D0E641C0 49] iPhone6, [00000175D7F21E00][00000175D0E58200 49] iPodTouch6, [00000175D7F2AD00][00000175D0E70700 49] iPhone7, [00000175D7F2AE00][00000175D0D7E740 49] iPodTouch7, [00000175D7EA1C00][00000175D0E68A00 49] iPhone5S, [00000175D7F2B900][00000175D0E5CCC0 49] iPhone6Plus, [00000175D7EA1400][00000175D0E6CF80 49] iPhone6S, [00000175D7F28700][00000175D0E75240 49] iPhone6SPlus, [00000175D7EA0D00][00000175D0E79500 49] iPhone7Plus, [00000175D7F28D00][00000175D0E7D7C0 49] iPhoneSE, [00000175D7EA0500][00000175D0E81A80 49] iPhone8, [00000175D7F2AB00][00000175D0E841C0 49] iPhone8Plus, [00000175D7EA0900][00000175D0E60440 49] iPhoneX, [00000175D7EA0F00][00000175D0E886C0 49] iPhoneXS, [00000175D7F20B00][00000175D0E90980 49] iPhoneXSMax, [00000175D7EA2200][00000175D8202C40 49] iPhoneXR, [00000175D7F21400][00000175D8206F00 49] iPhone11, [00000175D7EA2000][00000175D820B1C0 49] iPhone11Pro, [00000175D7F21A00][00000175D820F480 49] iPhone11ProMax, [00000175D7EA0A00][00000175D8213740 49] iPhoneSE2, [00000175D7F23D00][00000175D8217A00 49] iPhone12Mini, [00000175D7EA0E00][00000175D821A140 49] iPhone12, [00000175D7F22100][00000175D821E400 49] iPhone12Pro, [00000175D7F21C00][00000175D0E8C680 49] iPhone12ProMax, [00000175D7F28B00][00000175D8222900 49] iPadPro105, [00000175D7F23800][00000175D822ABC0 49] iPadPro129, [00000175D7F28800][00000175D822EE80 49] iPadPro97, [00000175D7F21800][00000175D8233140 49] iPadPro2_129, [00000175D7EA1F00][00000175D8237400 49] iPad5, [00000175D7F20E00][00000175D823B6C0 49] iPad6, [00000175D7EA1B00][00000175D823F980 49] iPad7, [00000175D7F20F00][00000175D82420C0 49] iPad8, [00000175D7EA2100][00000175D8246380 49] iPadPro11, [00000175D7F22F00][00000175D824A640 49] iPadPro2_11, [00000175D7EA2900][00000175D82268C0 49] iPadPro3_129, [00000175D7F21200][00000175D824EB40 49] iPadPro4_129, [00000175D7EA1500][00000175D8256E00 49] AppleTV, [00000175D7F22D00][00000175D825B0C0 49] AppleTV4K, [00000175D7EA1E00][00000175D825F380 49] TVOS, [00000175D7F20400][00000175D8263640 49] Mac, [00000175D7EA1D00][00000175D8267900 49] MacClient, [00000175D7F22A00][00000175D826BBC0 49] MacNoEditor, [00000175D7EA3100][00000175D826E300 49] MacServer, [00000175D7F22200][00000175D82725C0 49] Linux, [00000175D7EA0100][00000175D8276880 49] LinuxAArch64, [00000175D7F22500][00000175D8252B00 49] LinuxNoEditor, [00000175D7EA3C00][00000175D827AD80 49] LinuxAArch64NoEditor, [00000175D7F23C00][00000175D8283040 49] LinuxClient, [00000175D7EA3000][00000175D8287300 49] LinuxAArch64Client, [00000175D7F22B00][00000175D828B5C0 49] LinuxServer, [00000175D7EA0700][00000175D828F880 49] LinuxAArch64Server, [00000175D7F20A00][00000175D8293B40 49] Android, [00000175D7EA0B00][00000175D8296280 49] Android_Low, [00000175D7F22400][00000175D829A540 49] Android_Mid, [00000175D7EA3800][00000175D829E800 49] Android_High, [00000175D7F23E00][00000175D82A2AC0 49] Android_Default, [00000175D7EA3700][00000175D827ED40 49] Android_Adreno4xx, [00000175D7F22000][00000175D82A6FC0 49] Android_Adreno5xx_Low, [00000175D7EA0C00][00000175D82AF280 49] Android_Adreno5xx, [00000175D7F23200][00000175D82B3540 49] Android_Adreno6xx, [00000175D7EA0300][00000175D82B7800 49] Android_Adreno6xx_Vulkan, [00000175D7F21500][00000175D82BBAC0 49] Android_Mali_T6xx, [00000175D7EA1800][00000175D82BE200 49] Android_Mali_T7xx, [00000175D7F23500][00000175D82C24C0 49] Android_Mali_T8xx, [00000175D7EA2D00][00000175D82C6780 49] Android_Mali_G71, [00000175D7F22900][00000175D82CAA40 49] Android_Mali_G72, [00000175D7EA1200][00000175D82CED00 49] Android_Mali_G72_Vulkan, [00000175D7F20C00][00000175D82AAF80 49] Android_Mali_G76, [00000175D7EA1700][00000175D82D7240 49] Android_Mali_G76_Vulkan, [00000175D7F21900][00000175D82DB500 49] Android_Mali_G77, [00000175D7EA0200][00000175D82DF7C0 49] Android_Mali_G77_Vulkan, [00000175D7EFE900][00000175D82E3A80 49] Android_Mali_G78, [00000175D7F28500][00000175D82E61C0 49] Android_Mali_G78_Vulkan, [00000175D7EFCB00][00000175D82EA480 49] Android_Mali_G710, [00000175D7F29D00][00000175D82EE740 49] Android_Mali_G710_Vulkan, [00000175D7EFC900][00000175D82F2A00 49] Android_Vulkan_SM5, [00000175D7F2BC00][00000175D82F6CC0 49] Android_PowerVR_G6xxx, [00000175D7EFCD00][00000175D82D2F40 49] Android_PowerVR_GT7xxx, [00000175D7F2B500][00000175D82FB1C0 49] Android_PowerVR_GE8xxx, [00000175D7EFC200][00000175D8303480 49] Android_PowerVR_GM9xxx, [00000175D7F28300][00000175D8307740 49] Android_PowerVR_GM9xxx_Vulkan, [00000175D7EFF500][00000175D830BA00 49] Android_TegraK1, [00000175D7F2B400][00000175D830E140 49] Android_Unknown_Vulkan, [00000175D7EFCF00][00000175D8312400 49] Lumin, [00000175D7F2B600][00000175D83166C0 49] Lumin_Desktop, [00000175D7EFD800][00000175D831A980 49] HoloLens, 
[2022.01.31-17.41.02:500][  0]LogMeshReduction: Using QuadricMeshReduction for automatic static mesh reduction
[2022.01.31-17.41.02:501][  0]LogMeshReduction: Using SimplygonMeshReduction for automatic skeletal mesh reduction
[2022.01.31-17.41.02:501][  0]LogMeshReduction: Using ProxyLODMeshReduction for automatic mesh merging
[2022.01.31-17.41.02:501][  0]LogMeshReduction: No distributed automatic mesh merging module available
[2022.01.31-17.41.02:501][  0]LogMeshMerging: No distributed automatic mesh merging module available
[2022.01.31-17.41.02:610][  0]LogNetVersion: PP1_FollowerAi 1.0.0, NetCL: 17155196, EngineNetVer: 17, GameNetVer: 0 (Checksum: 1562759814)
[2022.01.31-17.41.02:860][  0]LogTexture: Default maximum texture size for cubemaps generated from long-lat sources has been changed from 512 to unlimited. In order to preserve old behaiour for '/Engine/MapTemplates/Sky/DaylightAmbientCubemap.DaylightAmbientCubemap', its maximum texture size has been explicitly set to 512.
[2022.01.31-17.41.02:920][  0]LogHMD: PokeAHoleMaterial loaded successfully
[2022.01.31-17.41.03:020][  0]LogMoviePlayer: Initializing movie player
[2022.01.31-17.41.03:112][  0]LogPython: Using Python 3.7.7
[2022.01.31-17.41.03:561][  0]LogNiagaraDebuggerClient: Niagara Debugger Client Initialized | Session: 822690804335CCB49270D082CE401627 | Instance: 3C20B08143BBA9AD6A666689C34820AA (JOYCE101-14-33928).
[2022.01.31-17.41.03:581][  0]LogCollectionManager: Loaded 0 collections in 0.001852 seconds
[2022.01.31-17.41.03:584][  0]LogFileCache: Scanning file cache for directory 'C:/Users/charlie.kowalski/Desktop/CharlieKowalski/Portfolio-Projects/PP1_FollowerAi/Saved/Collections/' took 0.00s
[2022.01.31-17.41.03:584][  0]LogFileCache: Scanning file cache for directory 'C:/Users/charlie.kowalski/Desktop/CharlieKowalski/Portfolio-Projects/PP1_FollowerAi/Content/Developers/charliekowalski/Collections/' took 0.00s
[2022.01.31-17.41.03:584][  0]LogFileCache: Scanning file cache for directory 'C:/Users/charlie.kowalski/Desktop/CharlieKowalski/Portfolio-Projects/PP1_FollowerAi/Content/Collections/' took 0.00s
[2022.01.31-17.41.03:584][  0]LogCollectionManager: Fixed up redirectors for 0 collections in 0.000002 seconds (updated 0 objects)
[2022.01.31-17.41.03:707][  0]LogTcpMessaging: Initializing TcpMessaging bridge
[2022.01.31-17.41.03:710][  0]LogUdpMessaging: Initializing bridge on interface 0.0.0.0:0 to multicast group 230.0.0.1:6666.
[2022.01.31-17.41.03:795][  0]SourceControl: Source control is disabled
[2022.01.31-17.41.03:795][  0]SourceControl: Source control is disabled
[2022.01.31-17.41.03:797][  0]SourceControl: Source control is disabled
[2022.01.31-17.41.03:802][  0]LogUProjectInfo: Found projects:
[2022.01.31-17.41.03:879][  0]LogOpenImageDenoise: OIDN starting up
[2022.01.31-17.41.03:895][  0]LogAndroidPermission: UAndroidPermissionCallbackProxy::GetInstance
[2022.01.31-17.41.03:912][  0]LogAudioCaptureCore: Display: No Audio Capture implementations found. Audio input will be silent.
[2022.01.31-17.41.03:912][  0]LogAudioCaptureCore: Display: No Audio Capture implementations found. Audio input will be silent.
[2022.01.31-17.41.03:996][  0]LogOcInput: OculusInput pre-init called
[2022.01.31-17.41.04:006][  0]LogUObjectArray: 22121 objects as part of root set at end of initial load.
[2022.01.31-17.41.04:006][  0]LogUObjectAllocator: 5975632 out of 0 bytes used by permanent object pool.
[2022.01.31-17.41.04:006][  0]LogUObjectArray: CloseDisregardForGC: 0/0 objects in disregard for GC pool
[2022.01.31-17.41.04:049][  0]LogEngine: Initializing Engine...
[2022.01.31-17.41.04:051][  0]LogHMD: Failed to enumerate extensions. Please check that you have a valid OpenXR runtime installed.
[2022.01.31-17.41.04:052][  0]LogHMD: Failed to initialize OpenVR with code 110
[2022.01.31-17.41.04:052][  0]LogMagicLeap: Warning: VR disabled because ZI is not enabled.  To enable, in the editor, Edit -> Project Settings -> Plugins -> Magic Leap Plugin -> Enable Zero Iteration
[2022.01.31-17.41.04:053][  0]LogStats: UGameplayTagsManager::InitializeManager -  0.000 s
[2022.01.31-17.41.04:156][  0]LogInit: Initializing FReadOnlyCVARCache
[2022.01.31-17.41.04:156][  0]LogAudio: Display: Initializing Audio Device Manager...
[2022.01.31-17.41.04:159][  0]LogAudio: Display: Loading Default Audio Settings Objects...
[2022.01.31-17.41.04:160][  0]LogAudio: Display: No default SoundConcurrencyObject specified (or failed to load).
[2022.01.31-17.41.04:161][  0]LogAudio: Display: Audio Device Manager Initialized
[2022.01.31-17.41.04:161][  0]LogAudio: Display: Creating Audio Device:                 Id: 1, Scope: Shared, Realtime: True
[2022.01.31-17.41.04:161][  0]LogAudioMixer: Display: Audio Mixer Platform Settings:
[2022.01.31-17.41.04:161][  0]LogAudioMixer: Display: 	Sample Rate:						  48000
[2022.01.31-17.41.04:161][  0]LogAudioMixer: Display: 	Callback Buffer Frame Size Requested: 1024
[2022.01.31-17.41.04:161][  0]LogAudioMixer: Display: 	Callback Buffer Frame Size To Use:	  1024
[2022.01.31-17.41.04:161][  0]LogAudioMixer: Display: 	Number of buffers to queue:			  2
[2022.01.31-17.41.04:161][  0]LogAudioMixer: Display: 	Max Channels (voices):				  32
[2022.01.31-17.41.04:161][  0]LogAudioMixer: Display: 	Number of Async Source Workers:		  0
[2022.01.31-17.41.04:161][  0]LogAudio: Display: AudioDevice MaxSources: 32
[2022.01.31-17.41.04:161][  0]LogAudio: Display: Audio Spatialization Plugin: None (built-in).
[2022.01.31-17.41.04:161][  0]LogAudio: Display: Audio Reverb Plugin: None (built-in).
[2022.01.31-17.41.04:161][  0]LogAudio: Display: Audio Occlusion Plugin: None (built-in).
[2022.01.31-17.41.04:161][  0]LogAudioMixer: Display: Initializing audio mixer.
[2022.01.31-17.41.04:174][  0]LogAudioMixer: Display: 0: FrontLeft
[2022.01.31-17.41.04:174][  0]LogAudioMixer: Display: 1: FrontRight
[2022.01.31-17.41.04:201][  0]LogAudioMixer: Display: Using Audio Device Speakers (Realtek High Definition Audio)
[2022.01.31-17.41.04:208][  0]LogAudioMixer: Display: Initializing Sound Submixes...
[2022.01.31-17.41.04:210][  0]LogAudioMixer: Display: Creating Master Submix 'MasterSubmixDefault'
[2022.01.31-17.41.04:210][  0]LogAudioMixer: Display: Creating Master Submix 'MasterReverbSubmixDefault'
[2022.01.31-17.41.04:211][  0]LogAudioMixer: Display: Creating Master Submix 'MasterEQSubmixDefault'
[2022.01.31-17.41.04:211][  0]LogAudioMixer: FMixerPlatformXAudio2::StartAudioStream() called
[2022.01.31-17.41.04:211][  0]LogAudioMixer: Display: Output buffers initialized: Frames=1024, Channels=2, Samples=2048
[2022.01.31-17.41.04:212][  0]LogAudioMixer: Display: Starting AudioMixerPlatformInterface::RunInternal()
[2022.01.31-17.41.04:212][  0]LogAudioMixer: Display: FMixerPlatformXAudio2::SubmitBuffer() called for the first time
[2022.01.31-17.41.04:212][  0]LogInit: FAudioDevice initialized.
[2022.01.31-17.41.04:213][  0]LogNetVersion: Set ProjectVersion to 1.0.0.0. Version Checksum will be recalculated on next use.
[2022.01.31-17.41.04:214][  0]LogInit: Texture streaming: Enabled
[2022.01.31-17.41.04:280][  0]LogAudio: Display: Audio Device (ID: 1) registered with world 'Untitled'.
[2022.01.31-17.41.04:280][  0]LogSlate: Updating window title bar state: overlay mode, drag disabled, window buttons hidden, title bar hidden
[2022.01.31-17.41.04:280][  0]LogInit: Display: Game Engine Initialized.
[2022.01.31-17.41.04:281][  0]LogNiagaraEditor: GEditor isn't valid! Particle reset commands will not work for Niagara components!
[2022.01.31-17.41.04:400][  0]LogInit: Display: Starting Game.
[2022.01.31-17.41.04:400][  0]LogNet: Browse: /Game/ThirdPersonBP/Maps/ThirdPersonExampleMap?Name=Player
[2022.01.31-17.41.04:401][  0]LogLoad: LoadMap: /Game/ThirdPersonBP/Maps/ThirdPersonExampleMap?Name=Player
[2022.01.31-17.41.04:401][  0]LogWorld: BeginTearingDown for /Temp/Untitled_0
[2022.01.31-17.41.04:402][  0]LogWorld: UWorld::CleanupWorld for Untitled, bSessionEnded=true, bCleanupResources=true
[2022.01.31-17.41.04:403][  0]LogSlate: InvalidateAllWidgets triggered.  All widgets were invalidated
[2022.01.31-17.41.04:407][  0]LogAudio: Display: Audio Device unregistered from world 'None'.
[2022.01.31-17.41.04:410][  0]LogUObjectHash: Compacting FUObjectHashTables data took   0.83ms
[2022.01.31-17.41.04:814][  0]LogAudio: Display: Audio Device (ID: 1) registered with world 'ThirdPersonExampleMap'.
[2022.01.31-17.41.04:822][  0]LogAIModule: Creating AISystem for world ThirdPersonExampleMap
[2022.01.31-17.41.04:824][  0]LogLoad: Game class is 'ThirdPersonGameMode_C'
[2022.01.31-17.41.04:830][  0]LogWorld: Bringing World /Game/ThirdPersonBP/Maps/ThirdPersonExampleMap.ThirdPersonExampleMap up for play (max tick rate 0) at 2022.01.31-12.41.04
[2022.01.31-17.41.04:830][  0]LogWorld: Bringing up level for play took: 0.005610
[2022.01.31-17.41.04:831][  0]LogGameMode: FindPlayerStart: PATHS NOT DEFINED or NO PLAYERSTART with positive rating
[2022.01.31-17.41.04:834][  0]LogLoad: Took 0.432924 seconds to LoadMap(/Game/ThirdPersonBP/Maps/ThirdPersonExampleMap)
[2022.01.31-17.41.04:894][  0]LogSlate: Took 0.000182 seconds to synchronously load lazily loaded font '../../../Engine/Content/Slate/Fonts/Roboto-Regular.ttf' (155K)
[2022.01.31-17.41.04:935][  0]LogRenderer: Reallocating scene render targets to support 1280x720 Format 10 NumSamples 1 (Frame:1).
[2022.01.31-17.41.04:935][  0]LogInit: Display: Engine is initialized. Leaving FEngineLoop::Init()
[2022.01.31-17.41.04:935][  0]LogLoad: (Engine Initialization) Total time: 6.62 seconds
[2022.01.31-17.41.04:935][  0]LogLoad: (Engine Initialization) Total Blueprint compile time: 0.00 seconds
[2022.01.31-17.41.04:939][  0]LogContentStreaming: Texture pool size now 1000 MB
[2022.01.31-17.41.04:941][  0]LogSlate: InvalidateAllWidgets triggered.  All widgets were invalidated
[2022.01.31-17.41.04:952][  0]LogRenderer: Reallocating scene render targets to support 128x128 Format 10 NumSamples 1 (Frame:1).
[2022.01.31-17.41.04:980][  0]LogRenderer: Reallocating scene render targets to support 1280x720 Format 10 NumSamples 1 (Frame:2).
[2022.01.31-17.41.04:992][  1]LogSlate: Took 0.000244 seconds to synchronously load lazily loaded font '../../../Engine/Content/Slate/Fonts/Roboto-Regular.ttf' (155K)
[2022.01.31-17.41.28:274][798]LogWindowsDesktop: Alt-F4 pressed!
[2022.01.31-17.41.28:280][798]LogSlate: Window 'PP1_FollowerAi (64-bit Development PCD3D_SM5) ' being destroyed
[2022.01.31-17.41.28:280][798]LogWindowsTextInputMethodSystem: Display: IME system deactivated.
[2022.01.31-17.41.28:285][798]LogWindowsTextInputMethodSystem: Display: IME system deactivated.
[2022.01.31-17.41.28:287][798]LogSlate: Updating window title bar state: overlay mode, drag disabled, window buttons hidden, title bar hidden
[2022.01.31-17.41.28:287][798]LogEngine: All Windows Closed
[2022.01.31-17.41.28:287][798]LogWindows: FPlatformMisc::RequestExit(0)
[2022.01.31-17.41.28:287][798]LogWindows: FPlatformMisc::RequestExitWithStatus(0, 0)
[2022.01.31-17.41.28:287][798]LogCore: Engine exit requested (reason: Win RequestExit)
[2022.01.31-17.41.28:287][799]LogCore: Engine exit requested (reason: EngineExit() was called; note: exit was already requested)
[2022.01.31-17.41.28:287][799]LogInit: Display: PreExit Game.
[2022.01.31-17.41.28:302][799]LogWorld: BeginTearingDown for /Game/ThirdPersonBP/Maps/ThirdPersonExampleMap
[2022.01.31-17.41.28:302][799]LogWorld: UWorld::CleanupWorld for ThirdPersonExampleMap, bSessionEnded=true, bCleanupResources=true
[2022.01.31-17.41.28:303][799]LogSlate: InvalidateAllWidgets triggered.  All widgets were invalidated
[2022.01.31-17.41.29:065][799]LogAudio: Display: Beginning Audio Device Manager Shutdown (Module: AudioMixerXAudio2)...
[2022.01.31-17.41.29:065][799]LogAudio: Display: Destroying 1 Remaining Audio Device(s)...
[2022.01.31-17.41.29:065][799]LogAudio: Display: Audio Device unregistered from world 'ThirdPersonExampleMap'.
[2022.01.31-17.41.29:105][799]LogAudioMixer: FMixerPlatformXAudio2::StopAudioStream() called
[2022.01.31-17.41.29:107][799]LogAudioMixer: FMixerPlatformXAudio2::StopAudioStream() called
[2022.01.31-17.41.29:118][799]LogAudio: Display: Audio Device Manager Shutdown
[2022.01.31-17.41.29:123][799]LogExit: Preparing to exit.
[2022.01.31-17.41.29:728][799]LogSlate: Updating window title bar state: overlay mode, drag disabled, window buttons hidden, title bar hidden
[2022.01.31-17.41.29:734][799]LogUObjectHash: Compacting FUObjectHashTables data took   1.15ms
[2022.01.31-17.41.29:762][799]LogMoviePlayer: Shutting down movie player
[2022.01.31-17.41.29:966][799]LogDemo: Cleaned up 0 splitscreen connections with owner deletion
[2022.01.31-17.41.29:973][799]LogExit: Game engine shut down
[2022.01.31-17.41.30:015][799]LogExit: Object subsystem successfully closed.
[2022.01.31-17.41.30:024][799]LogShaderCompilers: Display: === FShaderJobCache stats ===
[2022.01.31-17.41.30:024][799]LogShaderCompilers: Display: Total job queries 0, among them cache hits 0 (0.00%)
[2022.01.31-17.41.30:024][799]LogShaderCompilers: Display: Tracking 0 distinct input hashes that result in 0 distinct outputs (0.00%)
[2022.01.31-17.41.30:024][799]LogShaderCompilers: Display: RAM used: 0.00 MB (0.00 GB) of 1638.40 MB (1.60 GB) budget. Usage: 0.00%
[2022.01.31-17.41.30:024][799]LogShaderCompilers: Display: ================================================
[2022.01.31-17.41.30:038][799]LogShaderCompilers: Display: Shaders left to compile 0
[2022.01.31-17.41.30:060][799]LogModuleManager: Shutting down and abandoning module SequenceRecorderSections (560)
[2022.01.31-17.41.30:060][799]LogModuleManager: Shutting down and abandoning module SequenceRecorder (558)
[2022.01.31-17.41.30:060][799]LogModuleManager: Shutting down and abandoning module AutomationController (556)
[2022.01.31-17.41.30:060][799]LogModuleManager: Shutting down and abandoning module AutomationWorker (554)
[2022.01.31-17.41.30:060][799]LogModuleManager: Shutting down and abandoning module Voice (552)
[2022.01.31-17.41.30:060][799]LogModuleManager: Shutting down and abandoning module AIModule (550)
[2022.01.31-17.41.30:060][799]LogModuleManager: Shutting down and abandoning module GameplayDebugger (549)
[2022.01.31-17.41.30:060][799]LogModuleManager: Shutting down and abandoning module AITestSuite (547)
[2022.01.31-17.41.30:060][799]LogModuleManager: Shutting down and abandoning module NavigationSystem (545)
[2022.01.31-17.41.30:060][799]LogModuleManager: Shutting down and abandoning module AnimGraph (542)
[2022.01.31-17.41.30:060][799]LogModuleManager: Shutting down and abandoning module SteamVREditor (540)
[2022.01.31-17.41.30:060][799]LogModuleManager: Shutting down and abandoning module ToolMenus (539)
[2022.01.31-17.41.30:060][799]LogModuleManager: Shutting down and abandoning module OculusMR (536)
[2022.01.31-17.41.30:060][799]LogModuleManager: Shutting down and abandoning module TakeRecorderSources (534)
[2022.01.31-17.41.30:060][799]LogModuleManager: Shutting down and abandoning module TakeRecorder (533)
[2022.01.31-17.41.30:060][799]LogModuleManager: Shutting down and abandoning module TakeTrackRecorders (530)
[2022.01.31-17.41.30:060][799]LogModuleManager: Shutting down and abandoning module TakesCore (528)
[2022.01.31-17.41.30:060][799]LogModuleManager: Shutting down and abandoning module WmfMediaFactory (526)
[2022.01.31-17.41.30:060][799]LogModuleManager: Shutting down and abandoning module WebMMediaFactory (524)
[2022.01.31-17.41.30:060][799]LogModuleManager: Shutting down and abandoning module WebMMedia (522)
[2022.01.31-17.41.30:060][799]LogModuleManager: Shutting down and abandoning module OpenXRInput (520)
[2022.01.31-17.41.30:060][799]LogModuleManager: Shutting down and abandoning module OpenExrWrapper (518)
[2022.01.31-17.41.30:060][799]LogModuleManager: Shutting down and abandoning module ImgMediaFactory (516)
[2022.01.31-17.41.30:060][799]LogModuleManager: Shutting down and abandoning module AvfMediaFactory (514)
[2022.01.31-17.41.30:060][799]LogModuleManager: Shutting down and abandoning module MagicLeapMediaCodecFactory (512)
[2022.01.31-17.41.30:060][799]LogModuleManager: Shutting down and abandoning module MagicLeapMediaFactory (510)
[2022.01.31-17.41.30:060][799]LogModuleManager: Shutting down and abandoning module PlanarCut (508)
[2022.01.31-17.41.30:060][799]LogModuleManager: Shutting down and abandoning module CharacterAI (506)
[2022.01.31-17.41.30:061][799]LogModuleManager: Shutting down and abandoning module SessionServices (504)
[2022.01.31-17.41.30:061][799]LogModuleManager: Shutting down and abandoning module MovieSceneCapture (502)
[2022.01.31-17.41.30:061][799]LogModuleManager: Shutting down and abandoning module LiveCoding (500)
[2022.01.31-17.41.30:061][799]LogModuleManager: Shutting down and abandoning module LevelSequence (498)
[2022.01.31-17.41.30:061][799]LogModuleManager: Shutting down and abandoning module MovieSceneTracks (496)
[2022.01.31-17.41.30:061][799]LogModuleManager: Shutting down and abandoning module MovieScene (494)
[2022.01.31-17.41.30:061][799]LogModuleManager: Shutting down and abandoning module StreamingPauseRendering (492)
[2022.01.31-17.41.30:061][799]LogModuleManager: Shutting down and abandoning module PortalServices (490)
[2022.01.31-17.41.30:061][799]LogModuleManager: Shutting down and abandoning module PortalRpc (488)
[2022.01.31-17.41.30:061][799]LogModuleManager: Shutting down and abandoning module MessagingRpc (486)
[2022.01.31-17.41.30:061][799]LogModuleManager: Shutting down and abandoning module AudioMixerXAudio2 (484)
[2022.01.31-17.41.30:061][799]LogModuleManager: Shutting down and abandoning module AudioMixerCore (483)
[2022.01.31-17.41.30:061][799]LogModuleManager: Shutting down and abandoning module ImageWriteQueue (480)
[2022.01.31-17.41.30:061][799]LogModuleManager: Shutting down and abandoning module ProfilerService (478)
[2022.01.31-17.41.30:312][799]LogModuleManager: Shutting down and abandoning module TaskGraph (476)
[2022.01.31-17.41.30:312][799]LogModuleManager: Shutting down and abandoning module OculusInput (474)
[2022.01.31-17.41.30:312][799]LogModuleManager: Shutting down and abandoning module TakeMovieScene (472)
[2022.01.31-17.41.30:312][799]LogModuleManager: Shutting down and abandoning module Synthesis (470)
[2022.01.31-17.41.30:312][799]LogModuleManager: Shutting down and abandoning module ProceduralMeshComponent (468)
[2022.01.31-17.41.30:312][799]LogModuleManager: Shutting down and abandoning module MediaCompositing (466)
[2022.01.31-17.41.30:312][799]LogModuleManager: Shutting down and abandoning module ImgMedia (464)
[2022.01.31-17.41.30:312][799]LogModuleManager: Shutting down and abandoning module MobilePatchingUtils (462)
[2022.01.31-17.41.30:312][799]LogModuleManager: Shutting down and abandoning module GooglePAD (460)
[2022.01.31-17.41.30:312][799]LogModuleManager: Shutting down and abandoning module EditableMesh (458)
[2022.01.31-17.41.30:312][799]LogModuleManager: Shutting down and abandoning module CustomMeshComponent (456)
[2022.01.31-17.41.30:312][799]LogModuleManager: Shutting down and abandoning module CableComponent (454)
[2022.01.31-17.41.30:312][799]LogModuleManager: Shutting down and abandoning module AudioCapture (452)
[2022.01.31-17.41.30:312][799]LogModuleManager: Shutting down and abandoning module AudioCaptureRtAudio (451)
[2022.01.31-17.41.30:312][799]LogModuleManager: Shutting down and abandoning module AssetTags (448)
[2022.01.31-17.41.30:312][799]LogModuleManager: Shutting down and abandoning module ArchVisCharacter (446)
[2022.01.31-17.41.30:312][799]LogModuleManager: Shutting down and abandoning module AppleImageUtilsBlueprintSupport (444)
[2022.01.31-17.41.30:312][799]LogModuleManager: Shutting down and abandoning module AppleImageUtils (442)
[2022.01.31-17.41.30:312][799]LogModuleManager: Shutting down and abandoning module AndroidPermission (440)
[2022.01.31-17.41.30:312][799]LogModuleManager: Shutting down and abandoning module ActorLayerUtilities (438)
[2022.01.31-17.41.30:312][799]LogModuleManager: Shutting down and abandoning module TemplateSequence (436)
[2022.01.31-17.41.30:312][799]LogModuleManager: Shutting down and abandoning module MagicLeapSharedWorld (434)
[2022.01.31-17.41.30:312][799]LogModuleManager: Shutting down and abandoning module MagicLeapLightEstimation (432)
[2022.01.31-17.41.30:312][799]LogModuleManager: Shutting down and abandoning module MagicLeapHelperVulkan (430)
[2022.01.31-17.41.30:312][799]LogModuleManager: Shutting down and abandoning module MagicLeapHelperOpenGL (428)
[2022.01.31-17.41.30:312][799]LogModuleManager: Shutting down and abandoning module MagicLeapAudio (426)
[2022.01.31-17.41.30:312][799]LogModuleManager: Shutting down and abandoning module OpenImageDenoise (424)
[2022.01.31-17.41.30:312][799]LogOpenImageDenoise: OIDN shutting down
[2022.01.31-17.41.30:312][799]LogModuleManager: Shutting down and abandoning module MotoSynth (422)
[2022.01.31-17.41.30:312][799]LogModuleManager: Shutting down and abandoning module MeshConversion (420)
[2022.01.31-17.41.30:312][799]LogModuleManager: Shutting down and abandoning module DynamicMesh (418)
[2022.01.31-17.41.30:312][799]LogModuleManager: Shutting down and abandoning module GeometryAlgorithms (416)
[2022.01.31-17.41.30:312][799]LogModuleManager: Shutting down and abandoning module GeometricObjects (414)
[2022.01.31-17.41.30:312][799]LogModuleManager: Shutting down and abandoning module OodleNetworkHandlerComponent (412)
[2022.01.31-17.41.30:312][799]LogModuleManager: Shutting down and abandoning module GeometryCollectionTracks (410)
[2022.01.31-17.41.30:312][799]LogModuleManager: Shutting down and abandoning module GeometryCollectionSequencer (409)
[2022.01.31-17.41.30:312][799]LogModuleManager: Shutting down and abandoning module GeometryCacheTracks (406)
[2022.01.31-17.41.30:312][799]LogModuleManager: Shutting down and abandoning module GeometryCacheSequencer (405)
[2022.01.31-17.41.30:312][799]LogModuleManager: Shutting down and abandoning module GeometryCache (402)
[2022.01.31-17.41.30:312][799]LogModuleManager: Shutting down and abandoning module GeometryCacheEd (401)
[2022.01.31-17.41.30:312][799]LogModuleManager: Shutting down and abandoning module ChaosNiagara (398)
[2022.01.31-17.41.30:312][799]LogModuleManager: Shutting down and abandoning module FieldSystemEngine (397)
[2022.01.31-17.41.30:312][799]LogModuleManager: Shutting down and abandoning module BackChannel (394)
[2022.01.31-17.41.30:312][799]LogModuleManager: Shutting down and abandoning module AutomationUtils (392)
[2022.01.31-17.41.30:312][799]LogModuleManager: Shutting down and abandoning module VisualStudioSourceCodeAccess (390)
[2022.01.31-17.41.30:312][799]LogModuleManager: Shutting down and abandoning module HotReload (389)
[2022.01.31-17.41.30:313][799]LogModuleManager: Shutting down and abandoning module VisualStudioCodeSourceCodeAccess (386)
[2022.01.31-17.41.30:313][799]LogModuleManager: Shutting down and abandoning module UObjectPlugin (384)
[2022.01.31-17.41.30:313][799]LogModuleManager: Shutting down and abandoning module SubversionSourceControl (382)
[2022.01.31-17.41.30:313][799]LogModuleManager: Shutting down and abandoning module PerforceSourceControl (380)
[2022.01.31-17.41.30:313][799]LogModuleManager: Shutting down and abandoning module SourceControl (379)
[2022.01.31-17.41.30:313][799]LogModuleManager: Shutting down and abandoning module CLionSourceCodeAccess (376)
[2022.01.31-17.41.30:313][799]LogModuleManager: Shutting down and abandoning module LiveLinkSequencer (374)
[2022.01.31-17.41.30:313][799]LogModuleManager: Shutting down and abandoning module LiveLinkMovieScene (372)
[2022.01.31-17.41.30:313][799]LogModuleManager: Shutting down and abandoning module LiveLinkGraphNode (370)
[2022.01.31-17.41.30:313][799]LogModuleManager: Shutting down and abandoning module LiveLinkComponents (368)
[2022.01.31-17.41.30:313][799]LogModuleManager: Shutting down and abandoning module LiveLink (366)
[2022.01.31-17.41.30:762][799]LogModuleManager: Shutting down and abandoning module SignificanceManager (364)
[2022.01.31-17.41.30:762][799]LogModuleManager: Shutting down and abandoning module SoundFields (362)
[2022.01.31-17.41.30:762][799]LogModuleManager: Shutting down and abandoning module RuntimePhysXCooking (360)
[2022.01.31-17.41.30:762][799]LogModuleManager: Shutting down and abandoning module PropertyAccessEditor (358)
[2022.01.31-17.41.30:762][799]LogModuleManager: Shutting down and abandoning module PhysXVehiclesEditor (356)
[2022.01.31-17.41.30:762][799]LogModuleManager: Shutting down and abandoning module ImgMediaEngine (352)
[2022.01.31-17.41.30:762][799]LogModuleManager: Shutting down and abandoning module LocationServicesBPLibrary (350)
[2022.01.31-17.41.30:762][799]LogModuleManager: Shutting down and abandoning module AudioSynesthesia (348)
[2022.01.31-17.41.30:762][799]LogModuleManager: Shutting down and abandoning module AudioSynesthesiaCore (346)
[2022.01.31-17.41.30:762][799]LogModuleManager: Shutting down and abandoning module ActorSequence (344)
[2022.01.31-17.41.30:762][799]LogModuleManager: Shutting down and abandoning module UdpMessaging (342)
[2022.01.31-17.41.30:863][799]LogModuleManager: Shutting down and abandoning module TcpMessaging (340)
[2022.01.31-17.41.30:964][799]LogModuleManager: Shutting down and abandoning module MagicLeapARPin (338)
[2022.01.31-17.41.30:964][799]LogModuleManager: Shutting down and abandoning module MagicLeapHandMeshing (336)
[2022.01.31-17.41.30:964][799]LogModuleManager: Shutting down and abandoning module MagicLeapSecureStorage (334)
[2022.01.31-17.41.30:964][799]LogModuleManager: Shutting down and abandoning module MagicLeapPrivileges (332)
[2022.01.31-17.41.30:964][799]LogModuleManager: Shutting down and abandoning module MagicLeapPlanes (330)
[2022.01.31-17.41.30:964][799]LogMagicLeapPlanes: Planes tracker already destroyed.
[2022.01.31-17.41.30:964][799]LogModuleManager: Shutting down and abandoning module MagicLeapImageTracker (328)
[2022.01.31-17.41.30:964][799]LogModuleManager: Shutting down and abandoning module MagicLeapIdentity (326)
[2022.01.31-17.41.30:964][799]LogModuleManager: Shutting down and abandoning module MagicLeapHandTracking (324)
[2022.01.31-17.41.30:964][799]LogModuleManager: Shutting down and abandoning module MagicLeapEyeTracker (322)
[2022.01.31-17.41.30:964][799]LogModuleManager: Shutting down and abandoning module MagicLeapController (320)
[2022.01.31-17.41.30:964][799]LogModuleManager: Shutting down and abandoning module MagicLeapARPinImpl (318)
[2022.01.31-17.41.30:964][799]LogModuleManager: Shutting down and abandoning module MagicLeapAR (316)
[2022.01.31-17.41.30:964][799]LogModuleManager: Shutting down and abandoning module NiagaraAnimNotifies (314)
[2022.01.31-17.41.30:964][799]LogModuleManager: Shutting down and abandoning module Niagara (312)
[2022.01.31-17.41.30:964][799]LogModuleManager: Shutting down and abandoning module SignalProcessing (311)
[2022.01.31-17.41.30:964][799]LogModuleManager: Shutting down and abandoning module NiagaraEditor (309)
[2022.01.31-17.41.30:964][799]LogModuleManager: Shutting down and abandoning module ContentBrowser (308)
[2022.01.31-17.41.30:964][799]LogModuleManager: Shutting down and abandoning module CollectionManager (307)
[2022.01.31-17.41.30:965][799]LogModuleManager: Shutting down and abandoning module DirectoryWatcher (306)
[2022.01.31-17.41.30:965][799]LogModuleManager: Shutting down and abandoning module ContentBrowserData (303)
[2022.01.31-17.41.30:965][799]LogModuleManager: Shutting down and abandoning module NiagaraCore (298)
[2022.01.31-17.41.30:965][799]LogModuleManager: Shutting down and abandoning module PythonScriptPlugin (296)
[2022.01.31-17.41.30:965][799]LogModuleManager: Shutting down and abandoning module GameplayTagsEditor (294)
[2022.01.31-17.41.30:965][799]LogModuleManager: Shutting down and abandoning module FacialAnimation (292)
[2022.01.31-17.41.30:965][799]LogModuleManager: Shutting down and abandoning module PropertyAccessNode (290)
[2022.01.31-17.41.30:965][799]LogModuleManager: Shutting down and abandoning module AssetManagerEditor (288)
[2022.01.31-17.41.30:965][799]LogModuleManager: Shutting down and abandoning module TreeMap (287)
[2022.01.31-17.41.30:965][799]LogModuleManager: Shutting down and abandoning module AnimationSharing (284)
[2022.01.31-17.41.30:965][799]LogModuleManager: Shutting down and abandoning module GameplayCameras (282)
[2022.01.31-17.41.30:965][799]LogModuleManager: Shutting down and abandoning module LightPropagationVolumeRuntime (280)
[2022.01.31-17.41.30:965][799]LogModuleManager: Shutting down and abandoning module EnvironmentQueryEditor (278)
[2022.01.31-17.41.30:965][799]LogModuleManager: Shutting down and abandoning module Paper2D (276)
[2022.01.31-17.41.30:965][799]LogModuleManager: Shutting down and abandoning module WindowsMoviePlayer (274)
[2022.01.31-17.41.30:965][799]LogModuleManager: Shutting down and abandoning module WebMMoviePlayer (272)
[2022.01.31-17.41.30:965][799]LogModuleManager: Shutting down and abandoning module NetworkReplayStreaming (270)
[2022.01.31-17.41.30:965][799]LogModuleManager: Shutting down and abandoning module PacketHandler (268)
[2022.01.31-17.41.30:965][799]LogModuleManager: Shutting down and abandoning module ClothingSystemEditor (266)
[2022.01.31-17.41.30:965][799]LogModuleManager: Shutting down and abandoning module ClothingSystemRuntimeNv (264)
[2022.01.31-17.41.30:965][799]LogModuleManager: Shutting down and abandoning module MediaAssets (262)
[2022.01.31-17.41.30:966][799]LogModuleManager: Shutting down and abandoning module Overlay (260)
[2022.01.31-17.41.30:966][799]LogModuleManager: Shutting down and abandoning module OverlayEditor (259)
[2022.01.31-17.41.30:966][799]LogModuleManager: Shutting down and abandoning module VREditor (256)
[2022.01.31-17.41.30:966][799]LogModuleManager: Shutting down and abandoning module StringTableEditor (254)
[2022.01.31-17.41.30:966][799]LogModuleManager: Shutting down and abandoning module GameplayTasksEditor (252)
[2022.01.31-17.41.30:966][799]LogModuleManager: Shutting down and abandoning module BehaviorTreeEditor (250)
[2022.01.31-17.41.30:966][799]LogModuleManager: Shutting down and abandoning module FunctionalTesting (248)
[2022.01.31-17.41.30:966][799]LogModuleManager: Shutting down and abandoning module CollisionAnalyzer (246)
[2022.01.31-17.41.30:966][799]LogModuleManager: Shutting down and abandoning module WorkspaceMenuStructure (245)
[2022.01.31-17.41.30:966][799]LogModuleManager: Shutting down and abandoning module UMG (242)
[2022.01.31-17.41.30:966][799]LogModuleManager: Shutting down and abandoning module UMGEditor (241)
[2022.01.31-17.41.30:966][799]LogModuleManager: Shutting down and abandoning module Sequencer (240)
[2022.01.31-17.41.30:966][799]LogModuleManager: Shutting down and abandoning module MessageLog (237)
[2022.01.31-17.41.30:966][799]LogModuleManager: Shutting down and abandoning module SlateReflector (232)
[2022.01.31-17.41.30:966][799]LogModuleManager: Shutting down and abandoning module Slate (230)
[2022.01.31-17.41.30:966][799]LogModuleManager: Shutting down and abandoning module SlateCore (228)
[2022.01.31-17.41.30:967][799]LogModuleManager: Shutting down and abandoning module LandscapeEditorUtilities (226)
[2022.01.31-17.41.30:967][799]LogModuleManager: Shutting down and abandoning module UnrealEd (224)
[2022.01.31-17.41.30:967][799]LogModuleManager: Shutting down and abandoning module MRMesh (222)
[2022.01.31-17.41.30:967][799]LogModuleManager: Shutting down and abandoning module Messaging (220)
[2022.01.31-17.41.30:967][799]LogModuleManager: Shutting down and abandoning module SourceCodeAccess (218)
[2022.01.31-17.41.30:967][799]LogModuleManager: Shutting down and abandoning module HeadMountedDisplay (216)
[2022.01.31-17.41.30:967][799]LogModuleManager: Shutting down and abandoning module XAudio2 (214)
[2022.01.31-17.41.30:967][799]LogModuleManager: Shutting down and abandoning module Networking (212)
[2022.01.31-17.41.30:967][799]LogModuleManager: Shutting down and abandoning module Core (210)
[2022.01.31-17.41.30:967][799]LogModuleManager: Shutting down and abandoning module MaterialEditor (208)
[2022.01.31-17.41.30:967][799]LogModuleManager: Shutting down and abandoning module MovieSceneTools (206)
[2022.01.31-17.41.30:967][799]LogModuleManager: Shutting down and abandoning module EditorStyle (205)
[2022.01.31-17.41.30:968][799]LogModuleManager: Shutting down and abandoning module KismetCompiler (202)
[2022.01.31-17.41.30:968][799]LogModuleManager: Shutting down and abandoning module MeshBuilder (200)
[2022.01.31-17.41.30:968][799]LogModuleManager: Shutting down and abandoning module MeshUtilities (198)
[2022.01.31-17.41.30:968][799]LogModuleManager: Shutting down and abandoning module MeshMergeUtilities (197)
[2022.01.31-17.41.30:968][799]LogModuleManager: Shutting down and abandoning module MeshReductionInterface (196)
[2022.01.31-17.41.30:968][799]LogModuleManager: Shutting down and abandoning module MeshBoneReduction (195)
[2022.01.31-17.41.30:968][799]LogModuleManager: Shutting down and abandoning module SkeletalMeshReduction (193)
[2022.01.31-17.41.30:968][799]LogModuleManager: Shutting down and abandoning module ProxyLODMeshReduction (191)
[2022.01.31-17.41.30:968][799]LogModuleManager: Shutting down and abandoning module QuadricMeshReduction (189)
[2022.01.31-17.41.30:968][799]LogModuleManager: Shutting down and abandoning module MaterialBaking (185)
[2022.01.31-17.41.30:968][799]LogModuleManager: Shutting down and abandoning module NullInstallBundleManager (180)
[2022.01.31-17.41.30:968][799]LogModuleManager: Shutting down and abandoning module PIEPreviewDeviceProfileSelector (178)
[2022.01.31-17.41.30:968][799]LogModuleManager: Shutting down and abandoning module DerivedDataCache (176)
[2022.01.31-17.41.30:968][799]LogModuleManager: Shutting down and abandoning module TargetPlatform (174)
[2022.01.31-17.41.30:968][799]LogModuleManager: Shutting down and abandoning module VulkanShaderFormat (173)
[2022.01.31-17.41.30:968][799]LogModuleManager: Shutting down and abandoning module ShaderFormatVectorVM (171)
[2022.01.31-17.41.30:968][799]LogModuleManager: Shutting down and abandoning module ShaderFormatOpenGL (169)
[2022.01.31-17.41.30:968][799]LogModuleManager: Shutting down and abandoning module ShaderFormatD3D (167)
[2022.01.31-17.41.30:968][799]LogModuleManager: Shutting down and abandoning module MetalShaderFormat (165)
[2022.01.31-17.41.30:969][799]LogModuleManager: Shutting down and abandoning module TextureFormatOodle (163)
[2022.01.31-17.41.30:969][799]LogModuleManager: Shutting down and abandoning module TextureFormatUncompressed (161)
[2022.01.31-17.41.30:969][799]LogModuleManager: Shutting down and abandoning module TextureFormatPVR (159)
[2022.01.31-17.41.30:969][799]LogModuleManager: Shutting down and abandoning module TextureFormatETC2 (157)
[2022.01.31-17.41.30:969][799]LogModuleManager: Shutting down and abandoning module TextureFormatDXT (155)
[2022.01.31-17.41.30:969][799]LogModuleManager: Shutting down and abandoning module TextureFormatIntelISPCTexComp (153)
[2022.01.31-17.41.30:969][799]LogModuleManager: Shutting down and abandoning module TextureFormatASTC (151)
[2022.01.31-17.41.30:969][799]LogModuleManager: Shutting down and abandoning module ImageWrapper (150)
[2022.01.31-17.41.30:969][799]LogModuleManager: Shutting down and abandoning module AudioFormatOpus (147)
[2022.01.31-17.41.30:969][799]LogModuleManager: Shutting down and abandoning module AudioFormatOgg (145)
[2022.01.31-17.41.30:969][799]LogModuleManager: Shutting down and abandoning module AudioFormatADPCM (143)
[2022.01.31-17.41.30:969][799]LogModuleManager: Shutting down and abandoning module WindowsServerTargetPlatform (141)
[2022.01.31-17.41.30:969][799]LogModuleManager: Shutting down and abandoning module WindowsClientTargetPlatform (139)
[2022.01.31-17.41.30:969][799]LogModuleManager: Shutting down and abandoning module WindowsTargetPlatform (137)
[2022.01.31-17.41.30:969][799]LogModuleManager: Shutting down and abandoning module WindowsNoEditorTargetPlatform (135)
[2022.01.31-17.41.30:969][799]LogModuleManager: Shutting down and abandoning module D3D11RHI (132)
[2022.01.31-17.41.30:969][799]LogModuleManager: Shutting down and abandoning module InputCore (130)
[2022.01.31-17.41.30:969][799]LogModuleManager: Shutting down and abandoning module Settings (128)
[2022.01.31-17.41.30:969][799]LogModuleManager: Shutting down and abandoning module PhysXCooking (126)
[2022.01.31-17.41.30:969][799]LogModuleManager: Shutting down and abandoning module Chaos (124)
[2022.01.31-17.41.30:969][799]LogModuleManager: Shutting down and abandoning module WindowsPlatformFeatures (122)
[2022.01.31-17.41.30:969][799]LogModuleManager: Shutting down and abandoning module GameplayMediaEncoder (121)
[2022.01.31-17.41.30:969][799]LogModuleManager: Shutting down and abandoning module AVEncoder (120)
[2022.01.31-17.41.30:969][799]LogModuleManager: Shutting down and abandoning module SteamVRInputDevice (116)
[2022.01.31-17.41.30:969][799]LogModuleManager: Shutting down and abandoning module SteamVRInput (114)
[2022.01.31-17.41.30:969][799]LogModuleManager: Shutting down and abandoning module SteamVR (112)
[2022.01.31-17.41.30:969][799]LogHMD: Freeing OpenVRDLLHandle.
[2022.01.31-17.41.30:969][799]LogModuleManager: Shutting down and abandoning module OculusHMD (110)
[2022.01.31-17.41.30:969][799]LogModuleManager: Shutting down and abandoning module WmfMedia (108)
[2022.01.31-17.41.30:971][799]LogModuleManager: Shutting down and abandoning module Media (107)
[2022.01.31-17.41.30:971][799]LogModuleManager: Shutting down and abandoning module MediaInfo (106)
[2022.01.31-17.41.30:971][799]LogModuleManager: Shutting down and abandoning module OpenXRHandTracking (102)
[2022.01.31-17.41.30:971][799]LogSlate: Slate User Destroyed.  User Index 0, Is Virtual User: 0
[2022.01.31-17.41.30:971][799]LogModuleManager: Shutting down and abandoning module OpenXREyeTracker (100)
[2022.01.31-17.41.30:971][799]LogModuleManager: Shutting down and abandoning module OpenXRAR (98)
[2022.01.31-17.41.30:971][799]LogModuleManager: Shutting down and abandoning module AugmentedReality (97)
[2022.01.31-17.41.30:971][799]LogModuleManager: Shutting down and abandoning module OpenXRHMD (94)
[2022.01.31-17.41.30:972][799]LogModuleManager: Shutting down and abandoning module ExrReaderGpu (92)
[2022.01.31-17.41.30:972][799]LogModuleManager: Shutting down and abandoning module ExampleDeviceProfileSelector (90)
[2022.01.31-17.41.30:972][799]LogModuleManager: Shutting down and abandoning module ChunkDownloader (88)
[2022.01.31-17.41.30:972][799]LogModuleManager: Shutting down and abandoning module LauncherChunkInstaller (86)
[2022.01.31-17.41.30:972][799]LogModuleManager: Shutting down and abandoning module OnlineBlueprintSupport (84)
[2022.01.31-17.41.30:972][799]LogModuleManager: Shutting down and abandoning module OnlineSubsystem (80)
[2022.01.31-17.41.30:972][799]LogModuleManager: Shutting down and abandoning module XMPP (75)
[2022.01.31-17.41.30:972][799]LogModuleManager: Shutting down and abandoning module WebSockets (74)
[2022.01.31-17.41.30:996][799]LogModuleManager: Shutting down and abandoning module HTTP (71)
[2022.01.31-17.41.30:996][799]LogHttp: Display: cleaning up 0 outstanding Http requests.
[2022.01.31-17.41.31:023][799]LogModuleManager: Shutting down and abandoning module SSL (70)
[2022.01.31-17.41.31:024][799]LogModuleManager: Shutting down and abandoning module MLSDK (66)
[2022.01.31-17.41.31:024][799]LogModuleManager: Shutting down and abandoning module MagicLeap (64)
[2022.01.31-17.41.31:024][799]LogModuleManager: Shutting down and abandoning module NiagaraVertexFactories (62)
[2022.01.31-17.41.31:024][799]LogModuleManager: Shutting down and abandoning module NiagaraShader (60)
[2022.01.31-17.41.31:024][799]LogModuleManager: Shutting down and abandoning module VariantManagerContent (58)
[2022.01.31-17.41.31:024][799]LogModuleManager: Shutting down and abandoning module DatasmithContent (56)
[2022.01.31-17.41.31:025][799]LogModuleManager: Shutting down and abandoning module ChaosCloth (54)
[2022.01.31-17.41.31:025][799]LogModuleManager: Shutting down and abandoning module PixWinPlugin (52)
[2022.01.31-17.41.31:025][799]LogModuleManager: Shutting down and abandoning module AISupportModule (50)
[2022.01.31-17.41.31:025][799]LogModuleManager: Shutting down and abandoning module DesktopPlatform (48)
[2022.01.31-17.41.31:025][799]LogModuleManager: Shutting down and abandoning module PlatformCryptoOpenSSL (46)
[2022.01.31-17.41.31:025][799]LogModuleManager: Shutting down and abandoning module PlatformCryptoTypes (44)
[2022.01.31-17.41.31:025][799]LogModuleManager: Shutting down and abandoning module PlatformCrypto (42)
[2022.01.31-17.41.31:025][799]LogModuleManager: Shutting down and abandoning module PythonScriptPluginPreload (40)
[2022.01.31-17.41.31:025][799]LogModuleManager: Shutting down and abandoning module OodleDataCompressionFormat (38)
[2022.01.31-17.41.31:025][799]LogModuleManager: Shutting down and abandoning module XGEController (36)
[2022.01.31-17.41.31:025][799]LogModuleManager: Shutting down and abandoning module AnimationModifiers (34)
[2022.01.31-17.41.31:025][799]LogModuleManager: Shutting down and abandoning module AudioEditor (32)
[2022.01.31-17.41.31:025][799]LogModuleManager: Shutting down and abandoning module PropertyEditor (31)
[2022.01.31-17.41.31:025][799]LogModuleManager: Shutting down and abandoning module TextureCompressor (28)
[2022.01.31-17.41.31:025][799]LogModuleManager: Shutting down and abandoning module RenderCore (26)
[2022.01.31-17.41.31:025][799]LogModuleManager: Shutting down and abandoning module Landscape (24)
[2022.01.31-17.41.31:025][799]LogModuleManager: Shutting down and abandoning module SlateRHIRenderer (22)
[2022.01.31-17.41.31:026][799]LogModuleManager: Shutting down and abandoning module AnimGraphRuntime (20)
[2022.01.31-17.41.31:026][799]LogModuleManager: Shutting down and abandoning module Renderer (18)
[2022.01.31-17.41.31:026][799]LogModuleManager: Shutting down and abandoning module Engine (16)
[2022.01.31-17.41.31:026][799]LogModuleManager: Shutting down and abandoning module CoreUObject (14)
[2022.01.31-17.41.31:026][799]LogModuleManager: Shutting down and abandoning module NetworkFile (12)
[2022.01.31-17.41.31:026][799]LogModuleManager: Shutting down and abandoning module CookedIterativeFile (10)
[2022.01.31-17.41.31:026][799]LogModuleManager: Shutting down and abandoning module StreamingFile (8)
[2022.01.31-17.41.31:026][799]LogModuleManager: Shutting down and abandoning module SandboxFile (6)
[2022.01.31-17.41.31:026][799]LogModuleManager: Shutting down and abandoning module PakFile (4)
[2022.01.31-17.41.31:026][799]LogModuleManager: Shutting down and abandoning module RSA (3)
[2022.01.31-17.41.31:283][799]LogContentStreaming: Display: There are 1 unreleased StreamingManagers
[2022.01.31-17.41.31:291][799]LogD3D11RHI: Shutdown
[2022.01.31-17.41.31:291][799]LogD3D11RHI: CleanupD3DDevice
[2022.01.31-17.41.31:292][799]LogExit: Exiting.
[2022.01.31-17.41.31:307][799]Log file closed, 01/31/22 12:41:31
